0 info it worked if it ends with ok
1 verbose cli [ 'node', '/usr/local/bin/npm', 'install' ]
2 info using npm@1.4.28
3 info using node@v0.10.33
4 verbose readDependencies using package.json deps
5 verbose install where, deps [ '/Users/sjoerd/sites/reveal.js',
5 verbose install   [ 'underscore',
5 verbose install     'express',
5 verbose install     'mustache',
5 verbose install     'socket.io',
5 verbose install     'grunt-contrib-qunit',
5 verbose install     'grunt-contrib-jshint',
5 verbose install     'grunt-contrib-cssmin',
5 verbose install     'grunt-contrib-uglify',
5 verbose install     'grunt-contrib-watch',
5 verbose install     'grunt-sass',
5 verbose install     'grunt-contrib-connect',
5 verbose install     'grunt-autoprefixer',
5 verbose install     'grunt-zip',
5 verbose install     'grunt',
5 verbose install     'node-sass' ] ]
6 info preinstall reveal.js@3.1.0
7 verbose readDependencies using package.json deps
8 verbose cache add [ 'underscore@~1.5.1', null ]
9 verbose cache add name=undefined spec="underscore@~1.5.1" args=["underscore@~1.5.1",null]
10 verbose parsed url { protocol: null,
10 verbose parsed url   slashes: null,
10 verbose parsed url   auth: null,
10 verbose parsed url   host: null,
10 verbose parsed url   port: null,
10 verbose parsed url   hostname: null,
10 verbose parsed url   hash: null,
10 verbose parsed url   search: null,
10 verbose parsed url   query: null,
10 verbose parsed url   pathname: 'underscore@~1.5.1',
10 verbose parsed url   path: 'underscore@~1.5.1',
10 verbose parsed url   href: 'underscore@~1.5.1' }
11 verbose cache add [ 'express@~2.5.9', null ]
12 verbose cache add name=undefined spec="express@~2.5.9" args=["express@~2.5.9",null]
13 verbose parsed url { protocol: null,
13 verbose parsed url   slashes: null,
13 verbose parsed url   auth: null,
13 verbose parsed url   host: null,
13 verbose parsed url   port: null,
13 verbose parsed url   hostname: null,
13 verbose parsed url   hash: null,
13 verbose parsed url   search: null,
13 verbose parsed url   query: null,
13 verbose parsed url   pathname: 'express@~2.5.9',
13 verbose parsed url   path: 'express@~2.5.9',
13 verbose parsed url   href: 'express@~2.5.9' }
14 verbose cache add [ 'mustache@~0.7.2', null ]
15 verbose cache add name=undefined spec="mustache@~0.7.2" args=["mustache@~0.7.2",null]
16 verbose parsed url { protocol: null,
16 verbose parsed url   slashes: null,
16 verbose parsed url   auth: null,
16 verbose parsed url   host: null,
16 verbose parsed url   port: null,
16 verbose parsed url   hostname: null,
16 verbose parsed url   hash: null,
16 verbose parsed url   search: null,
16 verbose parsed url   query: null,
16 verbose parsed url   pathname: 'mustache@~0.7.2',
16 verbose parsed url   path: 'mustache@~0.7.2',
16 verbose parsed url   href: 'mustache@~0.7.2' }
17 verbose cache add [ 'socket.io@~0.9.16', null ]
18 verbose cache add name=undefined spec="socket.io@~0.9.16" args=["socket.io@~0.9.16",null]
19 verbose parsed url { protocol: null,
19 verbose parsed url   slashes: null,
19 verbose parsed url   auth: null,
19 verbose parsed url   host: null,
19 verbose parsed url   port: null,
19 verbose parsed url   hostname: null,
19 verbose parsed url   hash: null,
19 verbose parsed url   search: null,
19 verbose parsed url   query: null,
19 verbose parsed url   pathname: 'socket.io@~0.9.16',
19 verbose parsed url   path: 'socket.io@~0.9.16',
19 verbose parsed url   href: 'socket.io@~0.9.16' }
20 verbose cache add [ 'grunt-contrib-qunit@~0.5.2', null ]
21 verbose cache add name=undefined spec="grunt-contrib-qunit@~0.5.2" args=["grunt-contrib-qunit@~0.5.2",null]
22 verbose parsed url { protocol: null,
22 verbose parsed url   slashes: null,
22 verbose parsed url   auth: null,
22 verbose parsed url   host: null,
22 verbose parsed url   port: null,
22 verbose parsed url   hostname: null,
22 verbose parsed url   hash: null,
22 verbose parsed url   search: null,
22 verbose parsed url   query: null,
22 verbose parsed url   pathname: 'grunt-contrib-qunit@~0.5.2',
22 verbose parsed url   path: 'grunt-contrib-qunit@~0.5.2',
22 verbose parsed url   href: 'grunt-contrib-qunit@~0.5.2' }
23 verbose cache add name="underscore" spec="~1.5.1" args=["underscore","~1.5.1"]
24 verbose parsed url { protocol: null,
24 verbose parsed url   slashes: null,
24 verbose parsed url   auth: null,
24 verbose parsed url   host: null,
24 verbose parsed url   port: null,
24 verbose parsed url   hostname: null,
24 verbose parsed url   hash: null,
24 verbose parsed url   search: null,
24 verbose parsed url   query: null,
24 verbose parsed url   pathname: '~1.5.1',
24 verbose parsed url   path: '~1.5.1',
24 verbose parsed url   href: '~1.5.1' }
25 verbose addNamed [ 'underscore', '~1.5.1' ]
26 verbose addNamed [ null, '>=1.5.1-0 <1.6.0-0' ]
27 verbose cache add name="express" spec="~2.5.9" args=["express","~2.5.9"]
28 verbose parsed url { protocol: null,
28 verbose parsed url   slashes: null,
28 verbose parsed url   auth: null,
28 verbose parsed url   host: null,
28 verbose parsed url   port: null,
28 verbose parsed url   hostname: null,
28 verbose parsed url   hash: null,
28 verbose parsed url   search: null,
28 verbose parsed url   query: null,
28 verbose parsed url   pathname: '~2.5.9',
28 verbose parsed url   path: '~2.5.9',
28 verbose parsed url   href: '~2.5.9' }
29 verbose addNamed [ 'express', '~2.5.9' ]
30 verbose addNamed [ null, '>=2.5.9-0 <2.6.0-0' ]
31 verbose cache add name="mustache" spec="~0.7.2" args=["mustache","~0.7.2"]
32 verbose parsed url { protocol: null,
32 verbose parsed url   slashes: null,
32 verbose parsed url   auth: null,
32 verbose parsed url   host: null,
32 verbose parsed url   port: null,
32 verbose parsed url   hostname: null,
32 verbose parsed url   hash: null,
32 verbose parsed url   search: null,
32 verbose parsed url   query: null,
32 verbose parsed url   pathname: '~0.7.2',
32 verbose parsed url   path: '~0.7.2',
32 verbose parsed url   href: '~0.7.2' }
33 verbose addNamed [ 'mustache', '~0.7.2' ]
34 verbose addNamed [ null, '>=0.7.2-0 <0.8.0-0' ]
35 verbose cache add name="socket.io" spec="~0.9.16" args=["socket.io","~0.9.16"]
36 verbose parsed url { protocol: null,
36 verbose parsed url   slashes: null,
36 verbose parsed url   auth: null,
36 verbose parsed url   host: null,
36 verbose parsed url   port: null,
36 verbose parsed url   hostname: null,
36 verbose parsed url   hash: null,
36 verbose parsed url   search: null,
36 verbose parsed url   query: null,
36 verbose parsed url   pathname: '~0.9.16',
36 verbose parsed url   path: '~0.9.16',
36 verbose parsed url   href: '~0.9.16' }
37 verbose addNamed [ 'socket.io', '~0.9.16' ]
38 verbose addNamed [ null, '>=0.9.16-0 <0.10.0-0' ]
39 verbose cache add name="grunt-contrib-qunit" spec="~0.5.2" args=["grunt-contrib-qunit","~0.5.2"]
40 verbose parsed url { protocol: null,
40 verbose parsed url   slashes: null,
40 verbose parsed url   auth: null,
40 verbose parsed url   host: null,
40 verbose parsed url   port: null,
40 verbose parsed url   hostname: null,
40 verbose parsed url   hash: null,
40 verbose parsed url   search: null,
40 verbose parsed url   query: null,
40 verbose parsed url   pathname: '~0.5.2',
40 verbose parsed url   path: '~0.5.2',
40 verbose parsed url   href: '~0.5.2' }
41 verbose addNamed [ 'grunt-contrib-qunit', '~0.5.2' ]
42 verbose addNamed [ null, '>=0.5.2-0 <0.6.0-0' ]
43 verbose cache add [ 'grunt-contrib-jshint@~0.6.4', null ]
44 verbose cache add name=undefined spec="grunt-contrib-jshint@~0.6.4" args=["grunt-contrib-jshint@~0.6.4",null]
45 verbose parsed url { protocol: null,
45 verbose parsed url   slashes: null,
45 verbose parsed url   auth: null,
45 verbose parsed url   host: null,
45 verbose parsed url   port: null,
45 verbose parsed url   hostname: null,
45 verbose parsed url   hash: null,
45 verbose parsed url   search: null,
45 verbose parsed url   query: null,
45 verbose parsed url   pathname: 'grunt-contrib-jshint@~0.6.4',
45 verbose parsed url   path: 'grunt-contrib-jshint@~0.6.4',
45 verbose parsed url   href: 'grunt-contrib-jshint@~0.6.4' }
46 verbose cache add [ 'grunt-contrib-cssmin@~0.12.2', null ]
47 verbose cache add name=undefined spec="grunt-contrib-cssmin@~0.12.2" args=["grunt-contrib-cssmin@~0.12.2",null]
48 verbose parsed url { protocol: null,
48 verbose parsed url   slashes: null,
48 verbose parsed url   auth: null,
48 verbose parsed url   host: null,
48 verbose parsed url   port: null,
48 verbose parsed url   hostname: null,
48 verbose parsed url   hash: null,
48 verbose parsed url   search: null,
48 verbose parsed url   query: null,
48 verbose parsed url   pathname: 'grunt-contrib-cssmin@~0.12.2',
48 verbose parsed url   path: 'grunt-contrib-cssmin@~0.12.2',
48 verbose parsed url   href: 'grunt-contrib-cssmin@~0.12.2' }
49 verbose cache add [ 'grunt-contrib-uglify@~0.2.4', null ]
50 verbose cache add name=undefined spec="grunt-contrib-uglify@~0.2.4" args=["grunt-contrib-uglify@~0.2.4",null]
51 verbose parsed url { protocol: null,
51 verbose parsed url   slashes: null,
51 verbose parsed url   auth: null,
51 verbose parsed url   host: null,
51 verbose parsed url   port: null,
51 verbose parsed url   hostname: null,
51 verbose parsed url   hash: null,
51 verbose parsed url   search: null,
51 verbose parsed url   query: null,
51 verbose parsed url   pathname: 'grunt-contrib-uglify@~0.2.4',
51 verbose parsed url   path: 'grunt-contrib-uglify@~0.2.4',
51 verbose parsed url   href: 'grunt-contrib-uglify@~0.2.4' }
52 verbose cache add [ 'grunt-contrib-watch@~0.5.3', null ]
53 verbose cache add name=undefined spec="grunt-contrib-watch@~0.5.3" args=["grunt-contrib-watch@~0.5.3",null]
54 verbose parsed url { protocol: null,
54 verbose parsed url   slashes: null,
54 verbose parsed url   auth: null,
54 verbose parsed url   host: null,
54 verbose parsed url   port: null,
54 verbose parsed url   hostname: null,
54 verbose parsed url   hash: null,
54 verbose parsed url   search: null,
54 verbose parsed url   query: null,
54 verbose parsed url   pathname: 'grunt-contrib-watch@~0.5.3',
54 verbose parsed url   path: 'grunt-contrib-watch@~0.5.3',
54 verbose parsed url   href: 'grunt-contrib-watch@~0.5.3' }
55 silly lockFile d90b1381-underscore-1-5-1 underscore@~1.5.1
56 verbose lock underscore@~1.5.1 /Users/sjoerd/.npm/d90b1381-underscore-1-5-1.lock
57 silly lockFile 0d367583-express-2-5-9 express@~2.5.9
58 verbose lock express@~2.5.9 /Users/sjoerd/.npm/0d367583-express-2-5-9.lock
59 silly lockFile 171b84f8-mustache-0-7-2 mustache@~0.7.2
60 verbose lock mustache@~0.7.2 /Users/sjoerd/.npm/171b84f8-mustache-0-7-2.lock
61 silly lockFile 673bedd6-socket-io-0-9-16 socket.io@~0.9.16
62 verbose lock socket.io@~0.9.16 /Users/sjoerd/.npm/673bedd6-socket-io-0-9-16.lock
63 silly lockFile a537bb75-grunt-contrib-qunit-0-5-2 grunt-contrib-qunit@~0.5.2
64 verbose lock grunt-contrib-qunit@~0.5.2 /Users/sjoerd/.npm/a537bb75-grunt-contrib-qunit-0-5-2.lock
65 verbose cache add name="grunt-contrib-jshint" spec="~0.6.4" args=["grunt-contrib-jshint","~0.6.4"]
66 verbose parsed url { protocol: null,
66 verbose parsed url   slashes: null,
66 verbose parsed url   auth: null,
66 verbose parsed url   host: null,
66 verbose parsed url   port: null,
66 verbose parsed url   hostname: null,
66 verbose parsed url   hash: null,
66 verbose parsed url   search: null,
66 verbose parsed url   query: null,
66 verbose parsed url   pathname: '~0.6.4',
66 verbose parsed url   path: '~0.6.4',
66 verbose parsed url   href: '~0.6.4' }
67 verbose addNamed [ 'grunt-contrib-jshint', '~0.6.4' ]
68 verbose addNamed [ null, '>=0.6.4-0 <0.7.0-0' ]
69 silly lockFile cd9f4e50-grunt-contrib-jshint-0-6-4 grunt-contrib-jshint@~0.6.4
70 verbose lock grunt-contrib-jshint@~0.6.4 /Users/sjoerd/.npm/cd9f4e50-grunt-contrib-jshint-0-6-4.lock
71 verbose cache add name="grunt-contrib-cssmin" spec="~0.12.2" args=["grunt-contrib-cssmin","~0.12.2"]
72 verbose parsed url { protocol: null,
72 verbose parsed url   slashes: null,
72 verbose parsed url   auth: null,
72 verbose parsed url   host: null,
72 verbose parsed url   port: null,
72 verbose parsed url   hostname: null,
72 verbose parsed url   hash: null,
72 verbose parsed url   search: null,
72 verbose parsed url   query: null,
72 verbose parsed url   pathname: '~0.12.2',
72 verbose parsed url   path: '~0.12.2',
72 verbose parsed url   href: '~0.12.2' }
73 verbose addNamed [ 'grunt-contrib-cssmin', '~0.12.2' ]
74 verbose addNamed [ null, '>=0.12.2-0 <0.13.0-0' ]
75 silly lockFile 722ac562-grunt-contrib-cssmin-0-12-2 grunt-contrib-cssmin@~0.12.2
76 verbose lock grunt-contrib-cssmin@~0.12.2 /Users/sjoerd/.npm/722ac562-grunt-contrib-cssmin-0-12-2.lock
77 verbose cache add name="grunt-contrib-uglify" spec="~0.2.4" args=["grunt-contrib-uglify","~0.2.4"]
78 verbose parsed url { protocol: null,
78 verbose parsed url   slashes: null,
78 verbose parsed url   auth: null,
78 verbose parsed url   host: null,
78 verbose parsed url   port: null,
78 verbose parsed url   hostname: null,
78 verbose parsed url   hash: null,
78 verbose parsed url   search: null,
78 verbose parsed url   query: null,
78 verbose parsed url   pathname: '~0.2.4',
78 verbose parsed url   path: '~0.2.4',
78 verbose parsed url   href: '~0.2.4' }
79 verbose addNamed [ 'grunt-contrib-uglify', '~0.2.4' ]
80 verbose addNamed [ null, '>=0.2.4-0 <0.3.0-0' ]
81 silly lockFile dcf05dfd-grunt-contrib-uglify-0-2-4 grunt-contrib-uglify@~0.2.4
82 verbose lock grunt-contrib-uglify@~0.2.4 /Users/sjoerd/.npm/dcf05dfd-grunt-contrib-uglify-0-2-4.lock
83 verbose cache add [ 'grunt-sass@~0.14.0', null ]
84 verbose cache add name=undefined spec="grunt-sass@~0.14.0" args=["grunt-sass@~0.14.0",null]
85 verbose parsed url { protocol: null,
85 verbose parsed url   slashes: null,
85 verbose parsed url   auth: null,
85 verbose parsed url   host: null,
85 verbose parsed url   port: null,
85 verbose parsed url   hostname: null,
85 verbose parsed url   hash: null,
85 verbose parsed url   search: null,
85 verbose parsed url   query: null,
85 verbose parsed url   pathname: 'grunt-sass@~0.14.0',
85 verbose parsed url   path: 'grunt-sass@~0.14.0',
85 verbose parsed url   href: 'grunt-sass@~0.14.0' }
86 verbose cache add [ 'grunt-contrib-connect@~0.8.0', null ]
87 verbose cache add name=undefined spec="grunt-contrib-connect@~0.8.0" args=["grunt-contrib-connect@~0.8.0",null]
88 verbose parsed url { protocol: null,
88 verbose parsed url   slashes: null,
88 verbose parsed url   auth: null,
88 verbose parsed url   host: null,
88 verbose parsed url   port: null,
88 verbose parsed url   hostname: null,
88 verbose parsed url   hash: null,
88 verbose parsed url   search: null,
88 verbose parsed url   query: null,
88 verbose parsed url   pathname: 'grunt-contrib-connect@~0.8.0',
88 verbose parsed url   path: 'grunt-contrib-connect@~0.8.0',
88 verbose parsed url   href: 'grunt-contrib-connect@~0.8.0' }
89 verbose cache add [ 'grunt-autoprefixer@~1.0.1', null ]
90 verbose cache add name=undefined spec="grunt-autoprefixer@~1.0.1" args=["grunt-autoprefixer@~1.0.1",null]
91 verbose parsed url { protocol: null,
91 verbose parsed url   slashes: null,
91 verbose parsed url   auth: null,
91 verbose parsed url   host: null,
91 verbose parsed url   port: null,
91 verbose parsed url   hostname: null,
91 verbose parsed url   hash: null,
91 verbose parsed url   search: null,
91 verbose parsed url   query: null,
91 verbose parsed url   pathname: 'grunt-autoprefixer@~1.0.1',
91 verbose parsed url   path: 'grunt-autoprefixer@~1.0.1',
91 verbose parsed url   href: 'grunt-autoprefixer@~1.0.1' }
92 verbose cache add [ 'grunt-zip@~0.7.0', null ]
93 verbose cache add name=undefined spec="grunt-zip@~0.7.0" args=["grunt-zip@~0.7.0",null]
94 verbose parsed url { protocol: null,
94 verbose parsed url   slashes: null,
94 verbose parsed url   auth: null,
94 verbose parsed url   host: null,
94 verbose parsed url   port: null,
94 verbose parsed url   hostname: null,
94 verbose parsed url   hash: null,
94 verbose parsed url   search: null,
94 verbose parsed url   query: null,
94 verbose parsed url   pathname: 'grunt-zip@~0.7.0',
94 verbose parsed url   path: 'grunt-zip@~0.7.0',
94 verbose parsed url   href: 'grunt-zip@~0.7.0' }
95 verbose cache add [ 'grunt@~0.4.0', null ]
96 verbose cache add name=undefined spec="grunt@~0.4.0" args=["grunt@~0.4.0",null]
97 verbose parsed url { protocol: null,
97 verbose parsed url   slashes: null,
97 verbose parsed url   auth: null,
97 verbose parsed url   host: null,
97 verbose parsed url   port: null,
97 verbose parsed url   hostname: null,
97 verbose parsed url   hash: null,
97 verbose parsed url   search: null,
97 verbose parsed url   query: null,
97 verbose parsed url   pathname: 'grunt@~0.4.0',
97 verbose parsed url   path: 'grunt@~0.4.0',
97 verbose parsed url   href: 'grunt@~0.4.0' }
98 verbose cache add [ 'node-sass@~0.9.3', null ]
99 verbose cache add name=undefined spec="node-sass@~0.9.3" args=["node-sass@~0.9.3",null]
100 verbose parsed url { protocol: null,
100 verbose parsed url   slashes: null,
100 verbose parsed url   auth: null,
100 verbose parsed url   host: null,
100 verbose parsed url   port: null,
100 verbose parsed url   hostname: null,
100 verbose parsed url   hash: null,
100 verbose parsed url   search: null,
100 verbose parsed url   query: null,
100 verbose parsed url   pathname: 'node-sass@~0.9.3',
100 verbose parsed url   path: 'node-sass@~0.9.3',
100 verbose parsed url   href: 'node-sass@~0.9.3' }
101 verbose cache add name="grunt-contrib-watch" spec="~0.5.3" args=["grunt-contrib-watch","~0.5.3"]
102 verbose parsed url { protocol: null,
102 verbose parsed url   slashes: null,
102 verbose parsed url   auth: null,
102 verbose parsed url   host: null,
102 verbose parsed url   port: null,
102 verbose parsed url   hostname: null,
102 verbose parsed url   hash: null,
102 verbose parsed url   search: null,
102 verbose parsed url   query: null,
102 verbose parsed url   pathname: '~0.5.3',
102 verbose parsed url   path: '~0.5.3',
102 verbose parsed url   href: '~0.5.3' }
103 verbose addNamed [ 'grunt-contrib-watch', '~0.5.3' ]
104 verbose addNamed [ null, '>=0.5.3-0 <0.6.0-0' ]
105 silly lockFile b469febc-grunt-contrib-watch-0-5-3 grunt-contrib-watch@~0.5.3
106 verbose lock grunt-contrib-watch@~0.5.3 /Users/sjoerd/.npm/b469febc-grunt-contrib-watch-0-5-3.lock
107 verbose cache add name="grunt-sass" spec="~0.14.0" args=["grunt-sass","~0.14.0"]
108 verbose parsed url { protocol: null,
108 verbose parsed url   slashes: null,
108 verbose parsed url   auth: null,
108 verbose parsed url   host: null,
108 verbose parsed url   port: null,
108 verbose parsed url   hostname: null,
108 verbose parsed url   hash: null,
108 verbose parsed url   search: null,
108 verbose parsed url   query: null,
108 verbose parsed url   pathname: '~0.14.0',
108 verbose parsed url   path: '~0.14.0',
108 verbose parsed url   href: '~0.14.0' }
109 verbose addNamed [ 'grunt-sass', '~0.14.0' ]
110 verbose addNamed [ null, '>=0.14.0-0 <0.15.0-0' ]
111 silly lockFile 26d2282a-grunt-sass-0-14-0 grunt-sass@~0.14.0
112 verbose lock grunt-sass@~0.14.0 /Users/sjoerd/.npm/26d2282a-grunt-sass-0-14-0.lock
113 verbose cache add name="grunt-contrib-connect" spec="~0.8.0" args=["grunt-contrib-connect","~0.8.0"]
114 verbose parsed url { protocol: null,
114 verbose parsed url   slashes: null,
114 verbose parsed url   auth: null,
114 verbose parsed url   host: null,
114 verbose parsed url   port: null,
114 verbose parsed url   hostname: null,
114 verbose parsed url   hash: null,
114 verbose parsed url   search: null,
114 verbose parsed url   query: null,
114 verbose parsed url   pathname: '~0.8.0',
114 verbose parsed url   path: '~0.8.0',
114 verbose parsed url   href: '~0.8.0' }
115 verbose addNamed [ 'grunt-contrib-connect', '~0.8.0' ]
116 verbose addNamed [ null, '>=0.8.0-0 <0.9.0-0' ]
117 silly lockFile ebb9bf51-grunt-contrib-connect-0-8-0 grunt-contrib-connect@~0.8.0
118 verbose lock grunt-contrib-connect@~0.8.0 /Users/sjoerd/.npm/ebb9bf51-grunt-contrib-connect-0-8-0.lock
119 verbose cache add name="grunt-autoprefixer" spec="~1.0.1" args=["grunt-autoprefixer","~1.0.1"]
120 verbose parsed url { protocol: null,
120 verbose parsed url   slashes: null,
120 verbose parsed url   auth: null,
120 verbose parsed url   host: null,
120 verbose parsed url   port: null,
120 verbose parsed url   hostname: null,
120 verbose parsed url   hash: null,
120 verbose parsed url   search: null,
120 verbose parsed url   query: null,
120 verbose parsed url   pathname: '~1.0.1',
120 verbose parsed url   path: '~1.0.1',
120 verbose parsed url   href: '~1.0.1' }
121 verbose addNamed [ 'grunt-autoprefixer', '~1.0.1' ]
122 verbose addNamed [ null, '>=1.0.1-0 <1.1.0-0' ]
123 silly lockFile 5b26fa7b-grunt-autoprefixer-1-0-1 grunt-autoprefixer@~1.0.1
124 verbose lock grunt-autoprefixer@~1.0.1 /Users/sjoerd/.npm/5b26fa7b-grunt-autoprefixer-1-0-1.lock
125 verbose cache add name="grunt-zip" spec="~0.7.0" args=["grunt-zip","~0.7.0"]
126 verbose parsed url { protocol: null,
126 verbose parsed url   slashes: null,
126 verbose parsed url   auth: null,
126 verbose parsed url   host: null,
126 verbose parsed url   port: null,
126 verbose parsed url   hostname: null,
126 verbose parsed url   hash: null,
126 verbose parsed url   search: null,
126 verbose parsed url   query: null,
126 verbose parsed url   pathname: '~0.7.0',
126 verbose parsed url   path: '~0.7.0',
126 verbose parsed url   href: '~0.7.0' }
127 verbose addNamed [ 'grunt-zip', '~0.7.0' ]
128 verbose addNamed [ null, '>=0.7.0-0 <0.8.0-0' ]
129 silly lockFile 36198899-grunt-zip-0-7-0 grunt-zip@~0.7.0
130 verbose lock grunt-zip@~0.7.0 /Users/sjoerd/.npm/36198899-grunt-zip-0-7-0.lock
131 verbose cache add name="grunt" spec="~0.4.0" args=["grunt","~0.4.0"]
132 verbose parsed url { protocol: null,
132 verbose parsed url   slashes: null,
132 verbose parsed url   auth: null,
132 verbose parsed url   host: null,
132 verbose parsed url   port: null,
132 verbose parsed url   hostname: null,
132 verbose parsed url   hash: null,
132 verbose parsed url   search: null,
132 verbose parsed url   query: null,
132 verbose parsed url   pathname: '~0.4.0',
132 verbose parsed url   path: '~0.4.0',
132 verbose parsed url   href: '~0.4.0' }
133 verbose addNamed [ 'grunt', '~0.4.0' ]
134 verbose addNamed [ null, '>=0.4.0-0 <0.5.0-0' ]
135 silly lockFile cba964e3-grunt-0-4-0 grunt@~0.4.0
136 verbose lock grunt@~0.4.0 /Users/sjoerd/.npm/cba964e3-grunt-0-4-0.lock
137 verbose cache add name="node-sass" spec="~0.9.3" args=["node-sass","~0.9.3"]
138 verbose parsed url { protocol: null,
138 verbose parsed url   slashes: null,
138 verbose parsed url   auth: null,
138 verbose parsed url   host: null,
138 verbose parsed url   port: null,
138 verbose parsed url   hostname: null,
138 verbose parsed url   hash: null,
138 verbose parsed url   search: null,
138 verbose parsed url   query: null,
138 verbose parsed url   pathname: '~0.9.3',
138 verbose parsed url   path: '~0.9.3',
138 verbose parsed url   href: '~0.9.3' }
139 verbose addNamed [ 'node-sass', '~0.9.3' ]
140 verbose addNamed [ null, '>=0.9.3-0 <0.10.0-0' ]
141 silly lockFile 930c0e3e-node-sass-0-9-3 node-sass@~0.9.3
142 verbose lock node-sass@~0.9.3 /Users/sjoerd/.npm/930c0e3e-node-sass-0-9-3.lock
143 silly addNameRange { name: 'express', range: '>=2.5.9-0 <2.6.0-0', hasData: false }
144 silly addNameRange { name: 'mustache', range: '>=0.7.2-0 <0.8.0-0', hasData: false }
145 silly addNameRange { name: 'underscore',
145 silly addNameRange   range: '>=1.5.1-0 <1.6.0-0',
145 silly addNameRange   hasData: false }
146 silly addNameRange { name: 'grunt-contrib-qunit',
146 silly addNameRange   range: '>=0.5.2-0 <0.6.0-0',
146 silly addNameRange   hasData: false }
147 silly addNameRange { name: 'socket.io',
147 silly addNameRange   range: '>=0.9.16-0 <0.10.0-0',
147 silly addNameRange   hasData: false }
148 silly addNameRange { name: 'grunt-contrib-jshint',
148 silly addNameRange   range: '>=0.6.4-0 <0.7.0-0',
148 silly addNameRange   hasData: false }
149 silly addNameRange { name: 'grunt-contrib-cssmin',
149 silly addNameRange   range: '>=0.12.2-0 <0.13.0-0',
149 silly addNameRange   hasData: false }
150 silly addNameRange { name: 'grunt-contrib-uglify',
150 silly addNameRange   range: '>=0.2.4-0 <0.3.0-0',
150 silly addNameRange   hasData: false }
151 verbose request where is /mustache
152 verbose request registry https://registry.npmjs.org/
153 verbose request id 71e630ab11be4a73
154 verbose url raw /mustache
155 verbose url resolving [ 'https://registry.npmjs.org/', './mustache' ]
156 verbose url resolved https://registry.npmjs.org/mustache
157 verbose request where is https://registry.npmjs.org/mustache
158 info trying registry request attempt 1 at 11:28:59
159 http GET https://registry.npmjs.org/mustache
160 verbose request where is /grunt-contrib-qunit
161 verbose request registry https://registry.npmjs.org/
162 verbose url raw /grunt-contrib-qunit
163 verbose url resolving [ 'https://registry.npmjs.org/', './grunt-contrib-qunit' ]
164 verbose url resolved https://registry.npmjs.org/grunt-contrib-qunit
165 verbose request where is https://registry.npmjs.org/grunt-contrib-qunit
166 info trying registry request attempt 1 at 11:28:59
167 http GET https://registry.npmjs.org/grunt-contrib-qunit
168 verbose request where is /grunt-contrib-cssmin
169 verbose request registry https://registry.npmjs.org/
170 verbose url raw /grunt-contrib-cssmin
171 verbose url resolving [ 'https://registry.npmjs.org/', './grunt-contrib-cssmin' ]
172 verbose url resolved https://registry.npmjs.org/grunt-contrib-cssmin
173 verbose request where is https://registry.npmjs.org/grunt-contrib-cssmin
174 info trying registry request attempt 1 at 11:28:59
175 http GET https://registry.npmjs.org/grunt-contrib-cssmin
176 silly addNameRange { name: 'grunt-contrib-watch',
176 silly addNameRange   range: '>=0.5.3-0 <0.6.0-0',
176 silly addNameRange   hasData: false }
177 silly addNameRange { name: 'grunt-sass',
177 silly addNameRange   range: '>=0.14.0-0 <0.15.0-0',
177 silly addNameRange   hasData: false }
178 silly addNameRange { name: 'grunt-contrib-connect',
178 silly addNameRange   range: '>=0.8.0-0 <0.9.0-0',
178 silly addNameRange   hasData: false }
179 silly addNameRange { name: 'grunt-autoprefixer',
179 silly addNameRange   range: '>=1.0.1-0 <1.1.0-0',
179 silly addNameRange   hasData: false }
180 silly addNameRange { name: 'grunt-zip',
180 silly addNameRange   range: '>=0.7.0-0 <0.8.0-0',
180 silly addNameRange   hasData: false }
181 silly addNameRange { name: 'grunt', range: '>=0.4.0-0 <0.5.0-0', hasData: false }
182 silly addNameRange { name: 'node-sass',
182 silly addNameRange   range: '>=0.9.3-0 <0.10.0-0',
182 silly addNameRange   hasData: false }
183 verbose request where is /grunt-sass
184 verbose request registry https://registry.npmjs.org/
185 verbose url raw /grunt-sass
186 verbose url resolving [ 'https://registry.npmjs.org/', './grunt-sass' ]
187 verbose url resolved https://registry.npmjs.org/grunt-sass
188 verbose request where is https://registry.npmjs.org/grunt-sass
189 info trying registry request attempt 1 at 11:28:59
190 http GET https://registry.npmjs.org/grunt-sass
191 verbose request where is /grunt-autoprefixer
192 verbose request registry https://registry.npmjs.org/
193 verbose url raw /grunt-autoprefixer
194 verbose url resolving [ 'https://registry.npmjs.org/', './grunt-autoprefixer' ]
195 verbose url resolved https://registry.npmjs.org/grunt-autoprefixer
196 verbose request where is https://registry.npmjs.org/grunt-autoprefixer
197 info trying registry request attempt 1 at 11:28:59
198 http GET https://registry.npmjs.org/grunt-autoprefixer
199 verbose request where is /grunt-zip
200 verbose request registry https://registry.npmjs.org/
201 verbose url raw /grunt-zip
202 verbose url resolving [ 'https://registry.npmjs.org/', './grunt-zip' ]
203 verbose url resolved https://registry.npmjs.org/grunt-zip
204 verbose request where is https://registry.npmjs.org/grunt-zip
205 info trying registry request attempt 1 at 11:28:59
206 http GET https://registry.npmjs.org/grunt-zip
207 verbose request where is /express
208 verbose request registry https://registry.npmjs.org/
209 verbose url raw /express
210 verbose url resolving [ 'https://registry.npmjs.org/', './express' ]
211 verbose url resolved https://registry.npmjs.org/express
212 verbose request where is https://registry.npmjs.org/express
213 info trying registry request attempt 1 at 11:28:59
214 verbose etag "Q51EKFRS1LJXWFH2HLF46CGI"
215 http GET https://registry.npmjs.org/express
216 verbose request where is /underscore
217 verbose request registry https://registry.npmjs.org/
218 verbose url raw /underscore
219 verbose url resolving [ 'https://registry.npmjs.org/', './underscore' ]
220 verbose url resolved https://registry.npmjs.org/underscore
221 verbose request where is https://registry.npmjs.org/underscore
222 info trying registry request attempt 1 at 11:28:59
223 verbose etag "5KBVQ0CE8WTH6QFBTT14W7KDG"
224 http GET https://registry.npmjs.org/underscore
225 verbose request where is /grunt-contrib-jshint
226 verbose request registry https://registry.npmjs.org/
227 verbose url raw /grunt-contrib-jshint
228 verbose url resolving [ 'https://registry.npmjs.org/', './grunt-contrib-jshint' ]
229 verbose url resolved https://registry.npmjs.org/grunt-contrib-jshint
230 verbose request where is https://registry.npmjs.org/grunt-contrib-jshint
231 info trying registry request attempt 1 at 11:28:59
232 verbose etag "1E33P892091AFUP9LHMQLHMTY"
233 http GET https://registry.npmjs.org/grunt-contrib-jshint
234 verbose request where is /grunt-contrib-uglify
235 verbose request registry https://registry.npmjs.org/
236 verbose url raw /grunt-contrib-uglify
237 verbose url resolving [ 'https://registry.npmjs.org/', './grunt-contrib-uglify' ]
238 verbose url resolved https://registry.npmjs.org/grunt-contrib-uglify
239 verbose request where is https://registry.npmjs.org/grunt-contrib-uglify
240 info trying registry request attempt 1 at 11:28:59
241 verbose etag "8UFL91HZLTSUNXL9GLRA9AGDK"
242 http GET https://registry.npmjs.org/grunt-contrib-uglify
243 verbose request where is /socket.io
244 verbose request registry https://registry.npmjs.org/
245 verbose url raw /socket.io
246 verbose url resolving [ 'https://registry.npmjs.org/', './socket.io' ]
247 verbose url resolved https://registry.npmjs.org/socket.io
248 verbose request where is https://registry.npmjs.org/socket.io
249 info trying registry request attempt 1 at 11:28:59
250 verbose etag "728SVJ3KKJKVGBAEETSPSHTZ6"
251 http GET https://registry.npmjs.org/socket.io
252 verbose request where is /grunt-contrib-connect
253 verbose request registry https://registry.npmjs.org/
254 verbose url raw /grunt-contrib-connect
255 verbose url resolving [ 'https://registry.npmjs.org/', './grunt-contrib-connect' ]
256 verbose url resolved https://registry.npmjs.org/grunt-contrib-connect
257 verbose request where is https://registry.npmjs.org/grunt-contrib-connect
258 info trying registry request attempt 1 at 11:28:59
259 verbose etag "2I8M9ZT16DKJ5JDSFVQDGMNSS"
260 http GET https://registry.npmjs.org/grunt-contrib-connect
261 verbose request where is /grunt
262 verbose request registry https://registry.npmjs.org/
263 verbose url raw /grunt
264 verbose url resolving [ 'https://registry.npmjs.org/', './grunt' ]
265 verbose url resolved https://registry.npmjs.org/grunt
266 verbose request where is https://registry.npmjs.org/grunt
267 info trying registry request attempt 1 at 11:28:59
268 verbose etag "85ZP74L93FQZR5XVQOM5HRSQR"
269 http GET https://registry.npmjs.org/grunt
270 verbose request where is /grunt-contrib-watch
271 verbose request registry https://registry.npmjs.org/
272 verbose url raw /grunt-contrib-watch
273 verbose url resolving [ 'https://registry.npmjs.org/', './grunt-contrib-watch' ]
274 verbose url resolved https://registry.npmjs.org/grunt-contrib-watch
275 verbose request where is https://registry.npmjs.org/grunt-contrib-watch
276 info trying registry request attempt 1 at 11:28:59
277 verbose etag "NEL4Z983ILYHX8RJJCW9D6OB"
278 http GET https://registry.npmjs.org/grunt-contrib-watch
279 verbose request where is /node-sass
280 verbose request registry https://registry.npmjs.org/
281 verbose url raw /node-sass
282 verbose url resolving [ 'https://registry.npmjs.org/', './node-sass' ]
283 verbose url resolved https://registry.npmjs.org/node-sass
284 verbose request where is https://registry.npmjs.org/node-sass
285 info trying registry request attempt 1 at 11:28:59
286 verbose etag "ECAPHCVNVTJXPM0B3IS80UEM3"
287 http GET https://registry.npmjs.org/node-sass
288 http 200 https://registry.npmjs.org/grunt-contrib-cssmin
289 silly registry.get cb [ 200,
289 silly registry.get   { server: 'CouchDB/1.5.0 (Erlang OTP/R16B03)',
289 silly registry.get     etag: '"8P0PA8V70EEA0IE25WSDWDLZU"',
289 silly registry.get     'content-type': 'application/json',
289 silly registry.get     'cache-control': 'max-age=60',
289 silly registry.get     'content-length': '35387',
289 silly registry.get     'accept-ranges': 'bytes',
289 silly registry.get     date: 'Tue, 09 Jun 2015 09:28:59 GMT',
289 silly registry.get     via: '1.1 varnish',
289 silly registry.get     age: '49',
289 silly registry.get     connection: 'keep-alive',
289 silly registry.get     'x-served-by': 'cache-ams4121-AMS',
289 silly registry.get     'x-cache': 'HIT',
289 silly registry.get     'x-cache-hits': '1',
289 silly registry.get     'x-timer': 'S1433842139.933604,VS0,VE0',
289 silly registry.get     vary: 'Accept' } ]
290 http 200 https://registry.npmjs.org/grunt-contrib-qunit
291 silly registry.get cb [ 200,
291 silly registry.get   { server: 'CouchDB/1.5.0 (Erlang OTP/R16B03)',
291 silly registry.get     etag: '"3UWE19OH6IPDEBE4JXF3KZPWX"',
291 silly registry.get     'content-type': 'application/json',
291 silly registry.get     'cache-control': 'max-age=60',
291 silly registry.get     'content-length': '35554',
291 silly registry.get     'accept-ranges': 'bytes',
291 silly registry.get     date: 'Tue, 09 Jun 2015 09:28:59 GMT',
291 silly registry.get     via: '1.1 varnish',
291 silly registry.get     age: '27',
291 silly registry.get     connection: 'keep-alive',
291 silly registry.get     'x-served-by': 'cache-ams4122-AMS',
291 silly registry.get     'x-cache': 'HIT',
291 silly registry.get     'x-cache-hits': '1',
291 silly registry.get     'x-timer': 'S1433842139.926869,VS0,VE0',
291 silly registry.get     vary: 'Accept' } ]
292 http 200 https://registry.npmjs.org/grunt-sass
293 silly registry.get cb [ 200,
293 silly registry.get   { server: 'CouchDB/1.5.0 (Erlang OTP/R16B03)',
293 silly registry.get     etag: '"9VS9XEU6SA1NV5XRJL6L4BO40"',
293 silly registry.get     'content-type': 'application/json',
293 silly registry.get     'cache-control': 'max-age=60',
293 silly registry.get     'content-length': '41791',
293 silly registry.get     'accept-ranges': 'bytes',
293 silly registry.get     date: 'Tue, 09 Jun 2015 09:28:59 GMT',
293 silly registry.get     via: '1.1 varnish',
293 silly registry.get     age: '8',
293 silly registry.get     connection: 'keep-alive',
293 silly registry.get     'x-served-by': 'cache-ams4143-AMS',
293 silly registry.get     'x-cache': 'HIT',
293 silly registry.get     'x-cache-hits': '41',
293 silly registry.get     'x-timer': 'S1433842139.931086,VS0,VE0',
293 silly registry.get     vary: 'Accept' } ]
294 http 200 https://registry.npmjs.org/grunt-autoprefixer
295 silly registry.get cb [ 200,
295 silly registry.get   { server: 'CouchDB/1.5.0 (Erlang OTP/R16B03)',
295 silly registry.get     etag: '"77PSXUJPDN4YXNERMASVBPWQ8"',
295 silly registry.get     'content-type': 'application/json',
295 silly registry.get     'cache-control': 'max-age=60',
295 silly registry.get     'content-length': '58559',
295 silly registry.get     'accept-ranges': 'bytes',
295 silly registry.get     date: 'Tue, 09 Jun 2015 09:28:59 GMT',
295 silly registry.get     via: '1.1 varnish',
295 silly registry.get     age: '33',
295 silly registry.get     connection: 'keep-alive',
295 silly registry.get     'x-served-by': 'cache-ams4135-AMS',
295 silly registry.get     'x-cache': 'HIT',
295 silly registry.get     'x-cache-hits': '1',
295 silly registry.get     'x-timer': 'S1433842139.933162,VS0,VE0',
295 silly registry.get     vary: 'Accept' } ]
296 http 304 https://registry.npmjs.org/underscore
297 silly registry.get cb [ 304,
297 silly registry.get   { date: 'Tue, 09 Jun 2015 09:28:59 GMT',
297 silly registry.get     via: '1.1 varnish',
297 silly registry.get     'cache-control': 'max-age=60',
297 silly registry.get     etag: '"5KBVQ0CE8WTH6QFBTT14W7KDG"',
297 silly registry.get     age: '15',
297 silly registry.get     connection: 'keep-alive',
297 silly registry.get     'x-served-by': 'cache-ams4143-AMS',
297 silly registry.get     'x-cache': 'HIT',
297 silly registry.get     'x-cache-hits': '1',
297 silly registry.get     'x-timer': 'S1433842139.970939,VS0,VE0',
297 silly registry.get     vary: 'Accept' } ]
298 verbose etag https://registry.npmjs.org/underscore from cache
299 silly addNameRange number 2 { name: 'grunt-contrib-cssmin',
299 silly addNameRange   range: '>=0.12.2-0 <0.13.0-0',
299 silly addNameRange   hasData: true }
300 silly addNameRange versions [ 'grunt-contrib-cssmin',
300 silly addNameRange   [ '0.4.0',
300 silly addNameRange     '0.4.1',
300 silly addNameRange     '0.4.2',
300 silly addNameRange     '0.5.0',
300 silly addNameRange     '0.6.0',
300 silly addNameRange     '0.6.1',
300 silly addNameRange     '0.6.2',
300 silly addNameRange     '0.7.0',
300 silly addNameRange     '0.8.0',
300 silly addNameRange     '0.9.0',
300 silly addNameRange     '0.10.0',
300 silly addNameRange     '0.11.0',
300 silly addNameRange     '0.12.0',
300 silly addNameRange     '0.12.1',
300 silly addNameRange     '0.12.2',
300 silly addNameRange     '0.12.3' ] ]
301 verbose addNamed [ 'grunt-contrib-cssmin', '0.12.3' ]
302 verbose addNamed [ '0.12.3', '0.12.3' ]
303 silly lockFile 0193e74d-grunt-contrib-cssmin-0-12-3 grunt-contrib-cssmin@0.12.3
304 verbose lock grunt-contrib-cssmin@0.12.3 /Users/sjoerd/.npm/0193e74d-grunt-contrib-cssmin-0-12-3.lock
305 silly addNameRange number 2 { name: 'grunt-sass',
305 silly addNameRange   range: '>=0.14.0-0 <0.15.0-0',
305 silly addNameRange   hasData: true }
306 silly addNameRange versions [ 'grunt-sass',
306 silly addNameRange   [ '0.1.0',
306 silly addNameRange     '0.2.1',
306 silly addNameRange     '0.2.2',
306 silly addNameRange     '0.2.3',
306 silly addNameRange     '0.2.4',
306 silly addNameRange     '0.2.5',
306 silly addNameRange     '0.3.0',
306 silly addNameRange     '0.4.0',
306 silly addNameRange     '0.4.1',
306 silly addNameRange     '0.5.0',
306 silly addNameRange     '0.6.0',
306 silly addNameRange     '0.6.1',
306 silly addNameRange     '0.7.0',
306 silly addNameRange     '0.8.0',
306 silly addNameRange     '0.8.1',
306 silly addNameRange     '0.9.0',
306 silly addNameRange     '0.10.0',
306 silly addNameRange     '0.11.0',
306 silly addNameRange     '0.12.0',
306 silly addNameRange     '0.12.1',
306 silly addNameRange     '0.13.0',
306 silly addNameRange     '0.13.1',
306 silly addNameRange     '0.14.0',
306 silly addNameRange     '0.14.1',
306 silly addNameRange     '0.14.2',
306 silly addNameRange     '0.15.0',
306 silly addNameRange     '0.16.0',
306 silly addNameRange     '0.16.1',
306 silly addNameRange     '0.17.0',
306 silly addNameRange     '0.18.0',
306 silly addNameRange     '0.18.1',
306 silly addNameRange     '1.0.0' ] ]
307 verbose addNamed [ 'grunt-sass', '0.14.2' ]
308 verbose addNamed [ '0.14.2', '0.14.2' ]
309 silly lockFile a4aab1df-grunt-sass-0-14-2 grunt-sass@0.14.2
310 verbose lock grunt-sass@0.14.2 /Users/sjoerd/.npm/a4aab1df-grunt-sass-0-14-2.lock
311 silly addNameRange number 2 { name: 'grunt-autoprefixer',
311 silly addNameRange   range: '>=1.0.1-0 <1.1.0-0',
311 silly addNameRange   hasData: true }
312 silly addNameRange versions [ 'grunt-autoprefixer',
312 silly addNameRange   [ '0.1.0',
312 silly addNameRange     '0.1.20130424',
312 silly addNameRange     '0.1.20130516',
312 silly addNameRange     '0.1.20130615',
312 silly addNameRange     '0.2.0',
312 silly addNameRange     '0.2.20130718',
312 silly addNameRange     '0.2.20130806',
312 silly addNameRange     '0.3.0',
312 silly addNameRange     '0.3.1',
312 silly addNameRange     '0.4.0',
312 silly addNameRange     '0.4.1',
312 silly addNameRange     '0.4.2',
312 silly addNameRange     '0.5.0',
312 silly addNameRange     '0.6.0',
312 silly addNameRange     '0.6.1',
312 silly addNameRange     '0.6.2',
312 silly addNameRange     '0.6.3',
312 silly addNameRange     '0.6.4',
312 silly addNameRange     '0.6.5',
312 silly addNameRange     '0.7.0',
312 silly addNameRange     '0.7.1',
312 silly addNameRange     '0.7.2',
312 silly addNameRange     '0.7.3',
312 silly addNameRange     '0.7.4',
312 silly addNameRange     '0.7.5',
312 silly addNameRange     '0.7.6',
312 silly addNameRange     '0.8.0',
312 silly addNameRange     '0.8.1',
312 silly addNameRange     '0.8.2',
312 silly addNameRange     '1.0.0',
312 silly addNameRange     '1.0.1',
312 silly addNameRange     '2.0.0',
312 silly addNameRange     '2.1.0',
312 silly addNameRange     '2.2.0',
312 silly addNameRange     '3.0.0',
312 silly addNameRange     '3.0.1' ] ]
313 verbose addNamed [ 'grunt-autoprefixer', '1.0.1' ]
314 verbose addNamed [ '1.0.1', '1.0.1' ]
315 silly lockFile 8c447b4f-grunt-autoprefixer-1-0-1 grunt-autoprefixer@1.0.1
316 verbose lock grunt-autoprefixer@1.0.1 /Users/sjoerd/.npm/8c447b4f-grunt-autoprefixer-1-0-1.lock
317 silly addNameRange number 2 { name: 'grunt-contrib-qunit',
317 silly addNameRange   range: '>=0.5.2-0 <0.6.0-0',
317 silly addNameRange   hasData: true }
318 silly addNameRange versions [ 'grunt-contrib-qunit',
318 silly addNameRange   [ '0.1.0',
318 silly addNameRange     '0.1.1',
318 silly addNameRange     '0.2.0',
318 silly addNameRange     '0.2.1',
318 silly addNameRange     '0.2.2',
318 silly addNameRange     '0.3.0',
318 silly addNameRange     '0.4.0',
318 silly addNameRange     '0.5.0',
318 silly addNameRange     '0.5.1',
318 silly addNameRange     '0.5.2',
318 silly addNameRange     '0.6.0',
318 silly addNameRange     '0.7.0',
318 silly addNameRange     '0.1.1-rc5',
318 silly addNameRange     '0.1.1-rc6' ] ]
319 verbose addNamed [ 'grunt-contrib-qunit', '0.5.2' ]
320 verbose addNamed [ '0.5.2', '0.5.2' ]
321 silly lockFile e8f78576-grunt-contrib-qunit-0-5-2 grunt-contrib-qunit@0.5.2
322 verbose lock grunt-contrib-qunit@0.5.2 /Users/sjoerd/.npm/e8f78576-grunt-contrib-qunit-0-5-2.lock
323 http 200 https://registry.npmjs.org/grunt-contrib-jshint
324 silly registry.get cb [ 200,
324 silly registry.get   { server: 'CouchDB/1.5.0 (Erlang OTP/R16B03)',
324 silly registry.get     etag: '"1RUBNR2E5X67G0M2WOQBEBGH6"',
324 silly registry.get     'content-type': 'application/json',
324 silly registry.get     'cache-control': 'max-age=60',
324 silly registry.get     'content-length': '59147',
324 silly registry.get     'accept-ranges': 'bytes',
324 silly registry.get     date: 'Tue, 09 Jun 2015 09:28:59 GMT',
324 silly registry.get     via: '1.1 varnish',
324 silly registry.get     age: '50',
324 silly registry.get     connection: 'keep-alive',
324 silly registry.get     'x-served-by': 'cache-ams4135-AMS',
324 silly registry.get     'x-cache': 'HIT',
324 silly registry.get     'x-cache-hits': '1',
324 silly registry.get     'x-timer': 'S1433842139.973485,VS0,VE0',
324 silly registry.get     vary: 'Accept' } ]
325 silly addNameRange number 2 { name: 'underscore',
325 silly addNameRange   range: '>=1.5.1-0 <1.6.0-0',
325 silly addNameRange   hasData: true }
326 silly addNameRange versions [ 'underscore',
326 silly addNameRange   [ '1.0.3',
326 silly addNameRange     '1.0.4',
326 silly addNameRange     '1.1.0',
326 silly addNameRange     '1.1.1',
326 silly addNameRange     '1.1.2',
326 silly addNameRange     '1.1.3',
326 silly addNameRange     '1.1.4',
326 silly addNameRange     '1.1.5',
326 silly addNameRange     '1.1.6',
326 silly addNameRange     '1.1.7',
326 silly addNameRange     '1.2.0',
326 silly addNameRange     '1.2.1',
326 silly addNameRange     '1.2.2',
326 silly addNameRange     '1.2.3',
326 silly addNameRange     '1.2.4',
326 silly addNameRange     '1.3.0',
326 silly addNameRange     '1.3.1',
326 silly addNameRange     '1.3.2',
326 silly addNameRange     '1.3.3',
326 silly addNameRange     '1.4.0',
326 silly addNameRange     '1.4.1',
326 silly addNameRange     '1.4.2',
326 silly addNameRange     '1.4.3',
326 silly addNameRange     '1.4.4',
326 silly addNameRange     '1.5.0',
326 silly addNameRange     '1.5.1',
326 silly addNameRange     '1.5.2',
326 silly addNameRange     '1.6.0',
326 silly addNameRange     '1.7.0',
326 silly addNameRange     '1.8.0',
326 silly addNameRange     '1.8.1',
326 silly addNameRange     '1.8.2',
326 silly addNameRange     '1.8.3' ] ]
327 verbose addNamed [ 'underscore', '1.5.2' ]
328 verbose addNamed [ '1.5.2', '1.5.2' ]
329 silly lockFile 669f6cbc-underscore-1-5-2 underscore@1.5.2
330 verbose lock underscore@1.5.2 /Users/sjoerd/.npm/669f6cbc-underscore-1-5-2.lock
331 silly lockFile e825b648--grunt-contrib-cssmin-0-12-3-tgz https://registry.npmjs.org/grunt-contrib-cssmin/-/grunt-contrib-cssmin-0.12.3.tgz
332 verbose lock https://registry.npmjs.org/grunt-contrib-cssmin/-/grunt-contrib-cssmin-0.12.3.tgz /Users/sjoerd/.npm/e825b648--grunt-contrib-cssmin-0-12-3-tgz.lock
333 silly lockFile 7ea0da0f-it-grunt-contrib-qunit-0-5-2-tgz https://registry.npmjs.org/grunt-contrib-qunit/-/grunt-contrib-qunit-0.5.2.tgz
334 verbose lock https://registry.npmjs.org/grunt-contrib-qunit/-/grunt-contrib-qunit-0.5.2.tgz /Users/sjoerd/.npm/7ea0da0f-it-grunt-contrib-qunit-0-5-2-tgz.lock
335 silly lockFile 55d22a1c-xer-grunt-autoprefixer-1-0-1-tgz https://registry.npmjs.org/grunt-autoprefixer/-/grunt-autoprefixer-1.0.1.tgz
336 verbose lock https://registry.npmjs.org/grunt-autoprefixer/-/grunt-autoprefixer-1.0.1.tgz /Users/sjoerd/.npm/55d22a1c-xer-grunt-autoprefixer-1-0-1-tgz.lock
337 silly lockFile 5c057afe-grunt-sass-grunt-sass-0-14-2-tgz https://registry.npmjs.org/grunt-sass/-/grunt-sass-0.14.2.tgz
338 verbose lock https://registry.npmjs.org/grunt-sass/-/grunt-sass-0.14.2.tgz /Users/sjoerd/.npm/5c057afe-grunt-sass-grunt-sass-0-14-2-tgz.lock
339 http 200 https://registry.npmjs.org/grunt-contrib-uglify
340 silly registry.get cb [ 200,
340 silly registry.get   { server: 'CouchDB/1.5.0 (Erlang OTP/R16B03)',
340 silly registry.get     etag: '"B39K1H581ENPTYS2SXLK6V17W"',
340 silly registry.get     'content-type': 'application/json',
340 silly registry.get     'cache-control': 'max-age=60',
340 silly registry.get     'content-length': '65689',
340 silly registry.get     'accept-ranges': 'bytes',
340 silly registry.get     date: 'Tue, 09 Jun 2015 09:28:59 GMT',
340 silly registry.get     via: '1.1 varnish',
340 silly registry.get     age: '49',
340 silly registry.get     connection: 'keep-alive',
340 silly registry.get     'x-served-by': 'cache-ams4143-AMS',
340 silly registry.get     'x-cache': 'HIT',
340 silly registry.get     'x-cache-hits': '2',
340 silly registry.get     'x-timer': 'S1433842139.988456,VS0,VE0',
340 silly registry.get     vary: 'Accept' } ]
341 verbose addRemoteTarball [ 'https://registry.npmjs.org/grunt-contrib-cssmin/-/grunt-contrib-cssmin-0.12.3.tgz',
341 verbose addRemoteTarball   '4157596096fb7656fc464b4cc7b0746de1f39014' ]
342 verbose addRemoteTarball [ 'https://registry.npmjs.org/grunt-contrib-qunit/-/grunt-contrib-qunit-0.5.2.tgz',
342 verbose addRemoteTarball   '34375497e911c10458494c0645e2cdd99a0bc05a' ]
343 verbose addRemoteTarball [ 'https://registry.npmjs.org/grunt-autoprefixer/-/grunt-autoprefixer-1.0.1.tgz',
343 verbose addRemoteTarball   '4d0db047e4a7488d71e5bda98a18435aee0b4446' ]
344 verbose addRemoteTarball [ 'https://registry.npmjs.org/grunt-sass/-/grunt-sass-0.14.2.tgz',
344 verbose addRemoteTarball   '45d4d37959afad37d465318f01719be01992b1f8' ]
345 silly lockFile 6b9ebfa0--underscore-underscore-1-5-2-tgz https://registry.npmjs.org/underscore/-/underscore-1.5.2.tgz
346 verbose lock https://registry.npmjs.org/underscore/-/underscore-1.5.2.tgz /Users/sjoerd/.npm/6b9ebfa0--underscore-underscore-1-5-2-tgz.lock
347 http 200 https://registry.npmjs.org/socket.io
348 silly registry.get cb [ 200,
348 silly registry.get   { server: 'CouchDB/1.5.0 (Erlang OTP/R16B03)',
348 silly registry.get     etag: '"9F3Z5K934QUYPKEOJO8LEGSMJ"',
348 silly registry.get     'content-type': 'application/json',
348 silly registry.get     'cache-control': 'max-age=60',
348 silly registry.get     'content-length': '111623',
348 silly registry.get     'accept-ranges': 'bytes',
348 silly registry.get     date: 'Tue, 09 Jun 2015 09:29:00 GMT',
348 silly registry.get     via: '1.1 varnish',
348 silly registry.get     age: '46',
348 silly registry.get     connection: 'keep-alive',
348 silly registry.get     'x-served-by': 'cache-ams4135-AMS',
348 silly registry.get     'x-cache': 'HIT',
348 silly registry.get     'x-cache-hits': '3',
348 silly registry.get     'x-timer': 'S1433842140.015846,VS0,VE0',
348 silly registry.get     vary: 'Accept' } ]
349 silly addNameRange number 2 { name: 'grunt-contrib-jshint',
349 silly addNameRange   range: '>=0.6.4-0 <0.7.0-0',
349 silly addNameRange   hasData: true }
350 silly addNameRange versions [ 'grunt-contrib-jshint',
350 silly addNameRange   [ '0.1.0',
350 silly addNameRange     '0.1.1',
350 silly addNameRange     '0.2.0',
350 silly addNameRange     '0.3.0',
350 silly addNameRange     '0.4.0',
350 silly addNameRange     '0.4.1',
350 silly addNameRange     '0.4.2',
350 silly addNameRange     '0.4.3',
350 silly addNameRange     '0.5.0',
350 silly addNameRange     '0.5.1',
350 silly addNameRange     '0.5.2',
350 silly addNameRange     '0.5.3',
350 silly addNameRange     '0.5.4',
350 silly addNameRange     '0.6.0',
350 silly addNameRange     '0.6.1',
350 silly addNameRange     '0.6.2',
350 silly addNameRange     '0.6.3',
350 silly addNameRange     '0.6.4',
350 silly addNameRange     '0.6.5',
350 silly addNameRange     '0.7.0',
350 silly addNameRange     '0.7.1',
350 silly addNameRange     '0.7.2',
350 silly addNameRange     '0.8.0',
350 silly addNameRange     '0.9.0',
350 silly addNameRange     '0.9.1',
350 silly addNameRange     '0.9.2',
350 silly addNameRange     '0.10.0',
350 silly addNameRange     '0.11.0',
350 silly addNameRange     '0.11.1',
350 silly addNameRange     '0.11.2',
350 silly addNameRange     '0.1.1-rc5',
350 silly addNameRange     '0.1.1-rc6' ] ]
351 verbose addNamed [ 'grunt-contrib-jshint', '0.6.5' ]
352 verbose addNamed [ '0.6.5', '0.6.5' ]
353 silly lockFile d0b3f61f-grunt-contrib-jshint-0-6-5 grunt-contrib-jshint@0.6.5
354 verbose lock grunt-contrib-jshint@0.6.5 /Users/sjoerd/.npm/d0b3f61f-grunt-contrib-jshint-0-6-5.lock
355 http 200 https://registry.npmjs.org/grunt-contrib-connect
356 silly registry.get cb [ 200,
356 silly registry.get   { server: 'CouchDB/1.5.0 (Erlang OTP/R16B03)',
356 silly registry.get     etag: '"5G2531O493WZF5XLMKZH1Z89O"',
356 silly registry.get     'content-type': 'application/json',
356 silly registry.get     'cache-control': 'max-age=60',
356 silly registry.get     'content-length': '46313',
356 silly registry.get     'accept-ranges': 'bytes',
356 silly registry.get     date: 'Tue, 09 Jun 2015 09:29:00 GMT',
356 silly registry.get     via: '1.1 varnish',
356 silly registry.get     age: '37',
356 silly registry.get     connection: 'keep-alive',
356 silly registry.get     'x-served-by': 'cache-ams4143-AMS',
356 silly registry.get     'x-cache': 'HIT',
356 silly registry.get     'x-cache-hits': '1',
356 silly registry.get     'x-timer': 'S1433842140.043512,VS0,VE0',
356 silly registry.get     vary: 'Accept' } ]
357 http 200 https://registry.npmjs.org/mustache
358 silly registry.get cb [ 200,
358 silly registry.get   { server: 'CouchDB/1.5.0 (Erlang OTP/R16B03)',
358 silly registry.get     etag: '"24M8OPFE6NCV857MDYL5F7IB5"',
358 silly registry.get     'content-type': 'application/json',
358 silly registry.get     'cache-control': 'max-age=60',
358 silly registry.get     'content-length': '35143',
358 silly registry.get     'accept-ranges': 'bytes',
358 silly registry.get     date: 'Tue, 09 Jun 2015 09:29:00 GMT',
358 silly registry.get     via: '1.1 varnish',
358 silly registry.get     age: '0',
358 silly registry.get     connection: 'keep-alive',
358 silly registry.get     'x-served-by': 'cache-ams4120-AMS',
358 silly registry.get     'x-cache': 'HIT',
358 silly registry.get     'x-cache-hits': '1',
358 silly registry.get     'x-timer': 'S1433842139.927081,VS0,VE95',
358 silly registry.get     vary: 'Accept' } ]
359 verbose addRemoteTarball [ 'https://registry.npmjs.org/underscore/-/underscore-1.5.2.tgz',
359 verbose addRemoteTarball   '1335c5e4f5e6d33bbb4b006ba8c86a00f556de08' ]
360 silly addNameRange number 2 { name: 'grunt-contrib-uglify',
360 silly addNameRange   range: '>=0.2.4-0 <0.3.0-0',
360 silly addNameRange   hasData: true }
361 silly addNameRange versions [ 'grunt-contrib-uglify',
361 silly addNameRange   [ '0.1.0',
361 silly addNameRange     '0.1.1',
361 silly addNameRange     '0.1.2',
361 silly addNameRange     '0.2.0',
361 silly addNameRange     '0.2.1',
361 silly addNameRange     '0.2.2',
361 silly addNameRange     '0.2.3',
361 silly addNameRange     '0.2.4',
361 silly addNameRange     '0.2.5',
361 silly addNameRange     '0.2.6',
361 silly addNameRange     '0.2.7',
361 silly addNameRange     '0.3.0',
361 silly addNameRange     '0.3.1',
361 silly addNameRange     '0.1.1-rc5',
361 silly addNameRange     '0.1.1-rc6',
361 silly addNameRange     '0.3.2',
361 silly addNameRange     '0.3.3',
361 silly addNameRange     '0.4.0',
361 silly addNameRange     '0.5.0',
361 silly addNameRange     '0.4.1',
361 silly addNameRange     '0.5.1',
361 silly addNameRange     '0.6.0',
361 silly addNameRange     '0.7.0',
361 silly addNameRange     '0.8.0',
361 silly addNameRange     '0.8.1',
361 silly addNameRange     '0.9.0',
361 silly addNameRange     '0.9.1' ] ]
362 verbose addNamed [ 'grunt-contrib-uglify', '0.2.7' ]
363 verbose addNamed [ '0.2.7', '0.2.7' ]
364 silly lockFile 480328f6-grunt-contrib-uglify-0-2-7 grunt-contrib-uglify@0.2.7
365 verbose lock grunt-contrib-uglify@0.2.7 /Users/sjoerd/.npm/480328f6-grunt-contrib-uglify-0-2-7.lock
366 silly lockFile cafed715-t-grunt-contrib-jshint-0-6-5-tgz https://registry.npmjs.org/grunt-contrib-jshint/-/grunt-contrib-jshint-0.6.5.tgz
367 verbose lock https://registry.npmjs.org/grunt-contrib-jshint/-/grunt-contrib-jshint-0.6.5.tgz /Users/sjoerd/.npm/cafed715-t-grunt-contrib-jshint-0-6-5-tgz.lock
368 http 200 https://registry.npmjs.org/express
369 silly registry.get cb [ 200,
369 silly registry.get   { server: 'CouchDB/1.5.0 (Erlang OTP/R16B03)',
369 silly registry.get     etag: '"ES8H8RWZUOL9B9CEHFCPK625H"',
369 silly registry.get     'content-type': 'application/json',
369 silly registry.get     'cache-control': 'max-age=60',
369 silly registry.get     'content-length': '499720',
369 silly registry.get     'accept-ranges': 'bytes',
369 silly registry.get     date: 'Tue, 09 Jun 2015 09:28:59 GMT',
369 silly registry.get     via: '1.1 varnish',
369 silly registry.get     age: '33',
369 silly registry.get     connection: 'keep-alive',
369 silly registry.get     'x-served-by': 'cache-ams4122-AMS',
369 silly registry.get     'x-cache': 'HIT',
369 silly registry.get     'x-cache-hits': '2',
369 silly registry.get     'x-timer': 'S1433842139.970107,VS0,VE0',
369 silly registry.get     vary: 'Accept' } ]
370 http 200 https://registry.npmjs.org/grunt-contrib-watch
371 silly registry.get cb [ 200,
371 silly registry.get   { server: 'CouchDB/1.5.0 (Erlang OTP/R16B03)',
371 silly registry.get     etag: '"52FK45MV4CJ52G1VD3RWHJY7R"',
371 silly registry.get     'content-type': 'application/json',
371 silly registry.get     'cache-control': 'max-age=60',
371 silly registry.get     'content-length': '58554',
371 silly registry.get     'accept-ranges': 'bytes',
371 silly registry.get     date: 'Tue, 09 Jun 2015 09:29:00 GMT',
371 silly registry.get     via: '1.1 varnish',
371 silly registry.get     age: '37',
371 silly registry.get     connection: 'keep-alive',
371 silly registry.get     'x-served-by': 'cache-ams4143-AMS',
371 silly registry.get     'x-cache': 'HIT',
371 silly registry.get     'x-cache-hits': '2',
371 silly registry.get     'x-timer': 'S1433842140.071031,VS0,VE0',
371 silly registry.get     vary: 'Accept' } ]
372 http 200 https://registry.npmjs.org/grunt
373 silly registry.get cb [ 200,
373 silly registry.get   { server: 'CouchDB/1.5.0 (Erlang OTP/R16B03)',
373 silly registry.get     etag: '"DJXYUPDCMD3UOM4MZEK8FCIMH"',
373 silly registry.get     'content-type': 'application/json',
373 silly registry.get     'cache-control': 'max-age=60',
373 silly registry.get     'content-length': '89426',
373 silly registry.get     'accept-ranges': 'bytes',
373 silly registry.get     date: 'Tue, 09 Jun 2015 09:29:00 GMT',
373 silly registry.get     via: '1.1 varnish',
373 silly registry.get     age: '3',
373 silly registry.get     connection: 'keep-alive',
373 silly registry.get     'x-served-by': 'cache-ams4135-AMS',
373 silly registry.get     'x-cache': 'HIT',
373 silly registry.get     'x-cache-hits': '1',
373 silly registry.get     'x-timer': 'S1433842140.061021,VS0,VE1',
373 silly registry.get     vary: 'Accept' } ]
374 http 200 https://registry.npmjs.org/node-sass
375 silly registry.get cb [ 200,
375 silly registry.get   { server: 'CouchDB/1.5.0 (Erlang OTP/R16B03)',
375 silly registry.get     etag: '"6X42D7147J5JKA922GCP92IF0"',
375 silly registry.get     'content-type': 'application/json',
375 silly registry.get     'cache-control': 'max-age=60',
375 silly registry.get     'content-length': '133276',
375 silly registry.get     'accept-ranges': 'bytes',
375 silly registry.get     date: 'Tue, 09 Jun 2015 09:29:00 GMT',
375 silly registry.get     via: '1.1 varnish',
375 silly registry.get     age: '34',
375 silly registry.get     connection: 'keep-alive',
375 silly registry.get     'x-served-by': 'cache-ams4120-AMS',
375 silly registry.get     'x-cache': 'HIT',
375 silly registry.get     'x-cache-hits': '1',
375 silly registry.get     'x-timer': 'S1433842140.075063,VS0,VE1',
375 silly registry.get     vary: 'Accept' } ]
376 info retry fetch attempt 1 at 11:29:00
377 verbose fetch to= /var/folders/68/kt1rd3wd76bcbchd5z1grsb40000gp/T/npm-1921-mBmJGeUQ/registry.npmjs.org/grunt-contrib-cssmin/-/grunt-contrib-cssmin-0.12.3.tgz
378 verbose addRemoteTarball [ 'https://registry.npmjs.org/grunt-contrib-jshint/-/grunt-contrib-jshint-0.6.5.tgz',
378 verbose addRemoteTarball   '3afb4676745364cc4a19eee7934c0e06008b566e' ]
379 silly addNameRange number 2 { name: 'socket.io',
379 silly addNameRange   range: '>=0.9.16-0 <0.10.0-0',
379 silly addNameRange   hasData: true }
380 silly addNameRange versions [ 'socket.io',
380 silly addNameRange   [ '0.3.8',
380 silly addNameRange     '0.4.0',
380 silly addNameRange     '0.4.1',
380 silly addNameRange     '0.5.1',
380 silly addNameRange     '0.5.3',
380 silly addNameRange     '0.6.0',
380 silly addNameRange     '0.6.1',
380 silly addNameRange     '0.6.3',
380 silly addNameRange     '0.6.4',
380 silly addNameRange     '0.6.5',
380 silly addNameRange     '0.6.6',
380 silly addNameRange     '0.6.7',
380 silly addNameRange     '0.6.8',
380 silly addNameRange     '0.6.9',
380 silly addNameRange     '0.6.10',
380 silly addNameRange     '0.6.11',
380 silly addNameRange     '0.6.12',
380 silly addNameRange     '0.6.14',
380 silly addNameRange     '0.6.15',
380 silly addNameRange     '0.6.16',
380 silly addNameRange     '0.6.17',
380 silly addNameRange     '0.6.18',
380 silly addNameRange     '0.7.0',
380 silly addNameRange     '0.7.1',
380 silly addNameRange     '0.7.2',
380 silly addNameRange     '0.7.3',
380 silly addNameRange     '0.7.4',
380 silly addNameRange     '0.7.5',
380 silly addNameRange     '0.7.6',
380 silly addNameRange     '0.7.7',
380 silly addNameRange     '0.7.8',
380 silly addNameRange     '0.7.9',
380 silly addNameRange     '0.7.10',
380 silly addNameRange     '0.7.11',
380 silly addNameRange     '0.8.0',
380 silly addNameRange     '0.8.1',
380 silly addNameRange     '0.8.2',
380 silly addNameRange     '0.8.3',
380 silly addNameRange     '0.8.4',
380 silly addNameRange     '0.8.5',
380 silly addNameRange     '0.8.6',
380 silly addNameRange     '0.8.7',
380 silly addNameRange     '0.9.0',
380 silly addNameRange     '0.9.1',
380 silly addNameRange     '0.9.1-1',
380 silly addNameRange     '0.9.2',
380 silly addNameRange     '0.9.3',
380 silly addNameRange     '0.9.4',
380 silly addNameRange     '0.9.5',
380 silly addNameRange     '0.9.6',
380 silly addNameRange     '0.9.7',
380 silly addNameRange     '0.9.8',
380 silly addNameRange     '0.9.9',
380 silly addNameRange     '0.9.10',
380 silly addNameRange     '0.9.11',
380 silly addNameRange     '0.9.12',
380 silly addNameRange     '0.9.13',
380 silly addNameRange     '0.9.14',
380 silly addNameRange     '0.9.15',
380 silly addNameRange     '0.9.16',
380 silly addNameRange     '1.0.0-pre',
380 silly addNameRange     '1.0.0-pre2',
380 silly addNameRange     '1.0.0-pre3',
380 silly addNameRange     '1.0.0-pre4',
380 silly addNameRange     '1.0.0-pre5',
380 silly addNameRange     '0.9.17',
380 silly addNameRange     '1.0.0',
380 silly addNameRange     '1.0.1',
380 silly addNameRange     '1.0.2',
380 silly addNameRange     '1.0.3',
380 silly addNameRange     '1.0.4',
380 silly addNameRange     '1.0.5',
380 silly addNameRange     '1.0.6',
380 silly addNameRange     '1.1.0',
380 silly addNameRange     '1.2.0',
380 silly addNameRange     '1.2.1',
380 silly addNameRange     '1.3.0',
380 silly addNameRange     '1.3.1',
380 silly addNameRange     '1.3.2',
380 silly addNameRange     '1.3.3',
380 silly addNameRange     '1.3.4',
380 silly addNameRange     '1.3.5' ] ]
381 verbose addNamed [ 'socket.io', '0.9.17' ]
382 verbose addNamed [ '0.9.17', '0.9.17' ]
383 silly lockFile 1593240a-socket-io-0-9-17 socket.io@0.9.17
384 verbose lock socket.io@0.9.17 /Users/sjoerd/.npm/1593240a-socket-io-0-9-17.lock
385 silly lockFile 90f282d3-y-grunt-contrib-uglify-0-2-7-tgz https://registry.npmjs.org/grunt-contrib-uglify/-/grunt-contrib-uglify-0.2.7.tgz
386 verbose lock https://registry.npmjs.org/grunt-contrib-uglify/-/grunt-contrib-uglify-0.2.7.tgz /Users/sjoerd/.npm/90f282d3-y-grunt-contrib-uglify-0-2-7-tgz.lock
387 http GET https://registry.npmjs.org/grunt-contrib-cssmin/-/grunt-contrib-cssmin-0.12.3.tgz
388 info retry fetch attempt 1 at 11:29:00
389 verbose fetch to= /var/folders/68/kt1rd3wd76bcbchd5z1grsb40000gp/T/npm-1921-mBmJGeUQ/registry.npmjs.org/grunt-contrib-qunit/-/grunt-contrib-qunit-0.5.2.tgz
390 info retry fetch attempt 1 at 11:29:00
391 verbose fetch to= /var/folders/68/kt1rd3wd76bcbchd5z1grsb40000gp/T/npm-1921-mBmJGeUQ/registry.npmjs.org/underscore/-/underscore-1.5.2.tgz
392 info retry fetch attempt 1 at 11:29:00
393 verbose fetch to= /var/folders/68/kt1rd3wd76bcbchd5z1grsb40000gp/T/npm-1921-mBmJGeUQ/registry.npmjs.org/grunt-sass/-/grunt-sass-0.14.2.tgz
394 info retry fetch attempt 1 at 11:29:00
395 verbose fetch to= /var/folders/68/kt1rd3wd76bcbchd5z1grsb40000gp/T/npm-1921-mBmJGeUQ/registry.npmjs.org/grunt-autoprefixer/-/grunt-autoprefixer-1.0.1.tgz
396 silly addNameRange number 2 { name: 'grunt-contrib-connect',
396 silly addNameRange   range: '>=0.8.0-0 <0.9.0-0',
396 silly addNameRange   hasData: true }
397 silly addNameRange versions [ 'grunt-contrib-connect',
397 silly addNameRange   [ '0.1.0',
397 silly addNameRange     '0.1.1',
397 silly addNameRange     '0.1.2',
397 silly addNameRange     '0.2.0',
397 silly addNameRange     '0.3.0',
397 silly addNameRange     '0.4.0',
397 silly addNameRange     '0.4.1',
397 silly addNameRange     '0.4.2',
397 silly addNameRange     '0.5.0',
397 silly addNameRange     '0.6.0',
397 silly addNameRange     '0.7.0',
397 silly addNameRange     '0.7.1',
397 silly addNameRange     '0.8.0',
397 silly addNameRange     '0.9.0',
397 silly addNameRange     '0.10.0',
397 silly addNameRange     '0.10.1',
397 silly addNameRange     '0.1.1-rc6' ] ]
398 verbose addNamed [ 'grunt-contrib-connect', '0.8.0' ]
399 verbose addNamed [ '0.8.0', '0.8.0' ]
400 silly lockFile 526ed901-grunt-contrib-connect-0-8-0 grunt-contrib-connect@0.8.0
401 verbose lock grunt-contrib-connect@0.8.0 /Users/sjoerd/.npm/526ed901-grunt-contrib-connect-0-8-0.lock
402 verbose addRemoteTarball [ 'https://registry.npmjs.org/grunt-contrib-uglify/-/grunt-contrib-uglify-0.2.7.tgz',
402 verbose addRemoteTarball   'e6bda51e0c40a1459f6cead423c65efd725a1bf7' ]
403 info retry fetch attempt 1 at 11:29:00
404 verbose fetch to= /var/folders/68/kt1rd3wd76bcbchd5z1grsb40000gp/T/npm-1921-mBmJGeUQ/registry.npmjs.org/grunt-contrib-jshint/-/grunt-contrib-jshint-0.6.5.tgz
405 silly addNameRange number 2 { name: 'mustache', range: '>=0.7.2-0 <0.8.0-0', hasData: true }
406 silly addNameRange versions [ 'mustache',
406 silly addNameRange   [ '0.3.1-dev',
406 silly addNameRange     '0.4.0',
406 silly addNameRange     '0.5.1-dev',
406 silly addNameRange     '0.5.2',
406 silly addNameRange     '0.6.0',
406 silly addNameRange     '0.7.0',
406 silly addNameRange     '0.7.1',
406 silly addNameRange     '0.7.2',
406 silly addNameRange     '0.7.3',
406 silly addNameRange     '0.8.0',
406 silly addNameRange     '0.8.1',
406 silly addNameRange     '0.8.2',
406 silly addNameRange     '1.0.0',
406 silly addNameRange     '1.1.0',
406 silly addNameRange     '1.2.0',
406 silly addNameRange     '2.0.0',
406 silly addNameRange     '2.1.0' ] ]
407 verbose addNamed [ 'mustache', '0.7.3' ]
408 verbose addNamed [ '0.7.3', '0.7.3' ]
409 silly lockFile 8c1b5ee0-mustache-0-7-3 mustache@0.7.3
410 verbose lock mustache@0.7.3 /Users/sjoerd/.npm/8c1b5ee0-mustache-0-7-3.lock
411 http GET https://registry.npmjs.org/grunt-contrib-qunit/-/grunt-contrib-qunit-0.5.2.tgz
412 http GET https://registry.npmjs.org/underscore/-/underscore-1.5.2.tgz
413 http GET https://registry.npmjs.org/grunt-sass/-/grunt-sass-0.14.2.tgz
414 http GET https://registry.npmjs.org/grunt-autoprefixer/-/grunt-autoprefixer-1.0.1.tgz
415 http GET https://registry.npmjs.org/grunt-contrib-jshint/-/grunt-contrib-jshint-0.6.5.tgz
416 silly addNameRange number 2 { name: 'grunt-contrib-watch',
416 silly addNameRange   range: '>=0.5.3-0 <0.6.0-0',
416 silly addNameRange   hasData: true }
417 silly addNameRange versions [ 'grunt-contrib-watch',
417 silly addNameRange   [ '0.1.0',
417 silly addNameRange     '0.1.1',
417 silly addNameRange     '0.1.2',
417 silly addNameRange     '0.1.3',
417 silly addNameRange     '0.1.4',
417 silly addNameRange     '0.2.0',
417 silly addNameRange     '0.3.0',
417 silly addNameRange     '0.3.1',
417 silly addNameRange     '0.4.0',
417 silly addNameRange     '0.4.1',
417 silly addNameRange     '0.4.2',
417 silly addNameRange     '0.4.3',
417 silly addNameRange     '0.4.4',
417 silly addNameRange     '0.5.0',
417 silly addNameRange     '0.5.1',
417 silly addNameRange     '0.5.2',
417 silly addNameRange     '0.5.3',
417 silly addNameRange     '0.6.0',
417 silly addNameRange     '0.6.1',
417 silly addNameRange     '0.2.0-a',
417 silly addNameRange     '0.2.0-rc5',
417 silly addNameRange     '0.2.0-rc7' ] ]
418 verbose addNamed [ 'grunt-contrib-watch', '0.5.3' ]
419 verbose addNamed [ '0.5.3', '0.5.3' ]
420 silly lockFile d70d7cec-grunt-contrib-watch-0-5-3 grunt-contrib-watch@0.5.3
421 verbose lock grunt-contrib-watch@0.5.3 /Users/sjoerd/.npm/d70d7cec-grunt-contrib-watch-0-5-3.lock
422 silly addNameRange number 2 { name: 'express', range: '>=2.5.9-0 <2.6.0-0', hasData: true }
423 silly addNameRange versions [ 'express',
423 silly addNameRange   [ '0.14.0',
423 silly addNameRange     '0.14.1',
423 silly addNameRange     '1.0.0',
423 silly addNameRange     '1.0.1',
423 silly addNameRange     '1.0.2',
423 silly addNameRange     '1.0.3',
423 silly addNameRange     '1.0.4',
423 silly addNameRange     '1.0.5',
423 silly addNameRange     '1.0.6',
423 silly addNameRange     '1.0.7',
423 silly addNameRange     '1.0.8',
423 silly addNameRange     '2.0.0',
423 silly addNameRange     '2.1.0',
423 silly addNameRange     '2.1.1',
423 silly addNameRange     '2.2.0',
423 silly addNameRange     '2.2.1',
423 silly addNameRange     '2.2.2',
423 silly addNameRange     '2.3.0',
423 silly addNameRange     '2.3.1',
423 silly addNameRange     '2.3.2',
423 silly addNameRange     '2.3.3',
423 silly addNameRange     '2.3.4',
423 silly addNameRange     '2.3.5',
423 silly addNameRange     '2.3.6',
423 silly addNameRange     '2.3.7',
423 silly addNameRange     '2.3.8',
423 silly addNameRange     '2.3.9',
423 silly addNameRange     '2.3.10',
423 silly addNameRange     '2.3.11',
423 silly addNameRange     '2.3.12',
423 silly addNameRange     '2.4.0',
423 silly addNameRange     '2.4.1',
423 silly addNameRange     '2.4.2',
423 silly addNameRange     '2.4.3',
423 silly addNameRange     '2.4.4',
423 silly addNameRange     '2.4.5',
423 silly addNameRange     '2.4.6',
423 silly addNameRange     '2.4.7',
423 silly addNameRange     '2.5.0',
423 silly addNameRange     '2.5.1',
423 silly addNameRange     '2.5.2',
423 silly addNameRange     '2.5.3',
423 silly addNameRange     '2.5.4',
423 silly addNameRange     '2.5.5',
423 silly addNameRange     '2.5.6',
423 silly addNameRange     '2.5.7',
423 silly addNameRange     '2.5.8',
423 silly addNameRange     '2.5.9',
423 silly addNameRange     '2.5.10',
423 silly addNameRange     '2.5.11',
423 silly addNameRange     '3.0.0',
423 silly addNameRange     '3.0.1',
423 silly addNameRange     '3.0.2',
423 silly addNameRange     '3.0.3',
423 silly addNameRange     '3.0.4',
423 silly addNameRange     '3.0.5',
423 silly addNameRange     '3.0.6',
423 silly addNameRange     '3.1.0',
423 silly addNameRange     '3.1.1',
423 silly addNameRange     '3.1.2',
423 silly addNameRange     '3.2.0',
423 silly addNameRange     '3.2.1',
423 silly addNameRange     '3.2.2',
423 silly addNameRange     '3.2.3',
423 silly addNameRange     '3.2.4',
423 silly addNameRange     '3.2.5',
423 silly addNameRange     '3.2.6',
423 silly addNameRange     '3.3.0',
423 silly addNameRange     '3.3.1',
423 silly addNameRange     '3.3.2',
423 silly addNameRange     '3.3.3',
423 silly addNameRange     '3.3.4',
423 silly addNameRange     '3.3.5',
423 silly addNameRange     '3.3.6',
423 silly addNameRange     '1.0.0-beta',
423 silly addNameRange     '1.0.0-beta2',
423 silly addNameRange     '1.0.0-rc',
423 silly addNameRange     '1.0.0-rc2',
423 silly addNameRange     '1.0.0-rc3',
423 silly addNameRange     '1.0.0-rc4',
423 silly addNameRange     '2.0.0-beta',
423 silly addNameRange     '2.0.0-beta2',
423 silly addNameRange     '2.0.0-beta3',
423 silly addNameRange     '2.0.0-rc',
423 silly addNameRange     '2.0.0-rc2',
423 silly addNameRange     '2.0.0-rc3',
423 silly addNameRange     '3.0.0-alpha1',
423 silly addNameRange     '3.0.0-alpha2',
423 silly addNameRange     '3.0.0-alpha3',
423 silly addNameRange     '3.0.0-alpha4',
423 silly addNameRange     '3.0.0-alpha5',
423 silly addNameRange     '3.0.0-beta1',
423 silly addNameRange     '3.0.0-beta2',
423 silly addNameRange     '3.0.0-beta3',
423 silly addNameRange     '3.0.0-beta4',
423 silly addNameRange     '3.0.0-beta6',
423 silly addNameRange     '3.0.0-beta7',
423 silly addNameRange     '3.0.0-rc1',
423 silly addNameRange     '3.0.0-rc2',
423 silly addNameRange     '3.0.0-rc3',
423 silly addNameRange     '3.0.0-rc4',
423 silly addNameRange     '3.0.0-rc5',
423 silly addNameRange     '3.3.7',
423 silly addNameRange     '3.3.8',
423 silly addNameRange     '3.4.0',
423 silly addNameRange     '3.4.1',
423 silly addNameRange     '3.4.2',
423 silly addNameRange     '3.4.3',
423 silly addNameRange     '3.4.4',
423 silly addNameRange     '3.4.5',
423 silly addNameRange     '3.4.6',
423 silly addNameRange     '3.4.7',
423 silly addNameRange     '3.4.8',
423 silly addNameRange     '4.0.0-rc1',
423 silly addNameRange     '4.0.0-rc2',
423 silly addNameRange     '3.5.0',
423 silly addNameRange     '4.0.0-rc3',
423 silly addNameRange     '4.0.0-rc4',
423 silly addNameRange     '3.5.1',
423 silly addNameRange     '4.0.0',
423 silly addNameRange     '3.5.2',
423 silly addNameRange     '4.1.0',
423 silly addNameRange     '4.1.1',
423 silly addNameRange     '3.5.3',
423 silly addNameRange     '4.1.2',
423 silly addNameRange     '3.6.0',
423 silly addNameRange     '4.2.0',
423 silly addNameRange     '3.7.0',
423 silly addNameRange     '3.8.0',
423 silly addNameRange     '4.3.0',
423 silly addNameRange     '4.3.1',
423 silly addNameRange     '3.8.1',
423 silly addNameRange     '4.3.2',
423 silly addNameRange     '3.9.0',
423 silly addNameRange     '4.4.0',
423 silly addNameRange     '4.4.1',
423 silly addNameRange     '3.10.0',
423 silly addNameRange     '3.10.1',
423 silly addNameRange     '3.10.2',
423 silly addNameRange     '3.10.3',
423 silly addNameRange     '3.10.4',
423 silly addNameRange     '4.4.2',
423 silly addNameRange     '3.10.5',
423 silly addNameRange     '4.4.3',
423 silly addNameRange     '3.11.0',
423 silly addNameRange     '4.4.4',
423 silly addNameRange     '3.12.0',
423 silly addNameRange     '3.12.1',
423 silly addNameRange     '4.4.5',
423 silly addNameRange     '3.13.0',
423 silly addNameRange     '4.5.0',
423 silly addNameRange     '4.5.1',
423 silly addNameRange     '3.14.0',
423 silly addNameRange     '4.6.0',
423 silly addNameRange     '4.6.1',
423 silly addNameRange     '3.15.0',
423 silly addNameRange     '4.7.0',
423 silly addNameRange     '3.15.1',
423 silly addNameRange     '4.7.1',
423 silly addNameRange     '3.15.2',
423 silly addNameRange     '4.7.2',
423 silly addNameRange     '4.7.3',
423 silly addNameRange     '3.15.3',
423 silly addNameRange     '4.7.4',
423 silly addNameRange     '3.16.0',
423 silly addNameRange     '4.8.0',
423 silly addNameRange     '3.16.1',
423 silly addNameRange     '4.8.1',
423 silly addNameRange     '3.16.2',
423 silly addNameRange     '4.8.2',
423 silly addNameRange     '3.16.3',
423 silly addNameRange     '3.16.4',
423 silly addNameRange     '4.8.3',
423 silly addNameRange     '3.16.5',
423 silly addNameRange     '3.16.6',
423 silly addNameRange     '4.8.4',
423 silly addNameRange     '3.16.7',
423 silly addNameRange     '4.8.5',
423 silly addNameRange     '3.16.8',
423 silly addNameRange     '4.8.6',
423 silly addNameRange     '3.16.9',
423 silly addNameRange     '4.8.7',
423 silly addNameRange     '3.16.10',
423 silly addNameRange     '4.8.8',
423 silly addNameRange     '3.17.0',
423 silly addNameRange     '3.17.1',
423 silly addNameRange     '4.9.0',
423 silly addNameRange     '3.17.2',
423 silly addNameRange     '4.9.1',
423 silly addNameRange     '4.9.2',
423 silly addNameRange     '3.17.3',
423 silly addNameRange     '4.9.3',
423 silly addNameRange     '3.17.4',
423 silly addNameRange     '4.9.4',
423 silly addNameRange     '3.17.5',
423 silly addNameRange     '4.9.5',
423 silly addNameRange     '3.17.6',
423 silly addNameRange     '3.17.7',
423 silly addNameRange     '4.9.6',
423 silly addNameRange     '4.9.7',
423 silly addNameRange     '3.17.8',
423 silly addNameRange     '4.9.8',
423 silly addNameRange     '3.18.0',
423 silly addNameRange     '3.18.1',
423 silly addNameRange     '4.10.0',
423 silly addNameRange     '3.18.2',
423 silly addNameRange     '4.10.1',
423 silly addNameRange     '5.0.0-alpha.1',
423 silly addNameRange     '3.18.3',
423 silly addNameRange     '4.10.2',
423 silly addNameRange     '3.18.4',
423 silly addNameRange     '4.10.3',
423 silly addNameRange     '4.10.4',
423 silly addNameRange     '4.10.5',
423 silly addNameRange     '3.18.5',
423 silly addNameRange     '3.18.6',
423 silly addNameRange     '4.10.6',
423 silly addNameRange     '4.10.7',
423 silly addNameRange     '3.19.0',
423 silly addNameRange     '4.10.8',
423 silly addNameRange     '4.11.0',
423 silly addNameRange     '3.19.1',
423 silly addNameRange     '4.11.1',
423 silly addNameRange     '3.19.2',
423 silly addNameRange     '4.11.2',
423 silly addNameRange     '3.20.0',
423 silly addNameRange     '4.12.0',
423 silly addNameRange     '3.20.1',
423 silly addNameRange     '4.12.1',
423 silly addNameRange     '4.12.2',
423 silly addNameRange     '3.20.2',
423 silly addNameRange     '4.12.3',
423 silly addNameRange     '3.20.3',
423 silly addNameRange     '4.12.4' ] ]
424 verbose addNamed [ 'express', '2.5.11' ]
425 verbose addNamed [ '2.5.11', '2.5.11' ]
426 silly lockFile 631042f2-express-2-5-11 express@2.5.11
427 verbose lock express@2.5.11 /Users/sjoerd/.npm/631042f2-express-2-5-11.lock
428 info retry fetch attempt 1 at 11:29:00
429 verbose fetch to= /var/folders/68/kt1rd3wd76bcbchd5z1grsb40000gp/T/npm-1921-mBmJGeUQ/registry.npmjs.org/grunt-contrib-uglify/-/grunt-contrib-uglify-0.2.7.tgz
430 silly lockFile 16f89679--org-mustache-mustache-0-7-3-tgz https://registry.npmjs.org/mustache/-/mustache-0.7.3.tgz
431 verbose lock https://registry.npmjs.org/mustache/-/mustache-0.7.3.tgz /Users/sjoerd/.npm/16f89679--org-mustache-mustache-0-7-3-tgz.lock
432 silly addNameRange number 2 { name: 'grunt', range: '>=0.4.0-0 <0.5.0-0', hasData: true }
433 silly addNameRange versions [ 'grunt',
433 silly addNameRange   [ '0.1.0',
433 silly addNameRange     '0.1.1',
433 silly addNameRange     '0.1.2',
433 silly addNameRange     '0.2.0',
433 silly addNameRange     '0.2.1',
433 silly addNameRange     '0.2.2',
433 silly addNameRange     '0.2.3',
433 silly addNameRange     '0.2.4',
433 silly addNameRange     '0.2.5',
433 silly addNameRange     '0.2.6',
433 silly addNameRange     '0.2.7',
433 silly addNameRange     '0.2.8',
433 silly addNameRange     '0.2.9',
433 silly addNameRange     '0.2.10',
433 silly addNameRange     '0.2.11',
433 silly addNameRange     '0.2.12',
433 silly addNameRange     '0.2.13',
433 silly addNameRange     '0.2.14',
433 silly addNameRange     '0.2.15',
433 silly addNameRange     '0.3.0',
433 silly addNameRange     '0.3.1',
433 silly addNameRange     '0.3.2',
433 silly addNameRange     '0.3.3',
433 silly addNameRange     '0.3.4',
433 silly addNameRange     '0.3.5',
433 silly addNameRange     '0.3.6',
433 silly addNameRange     '0.3.7',
433 silly addNameRange     '0.3.8',
433 silly addNameRange     '0.3.9',
433 silly addNameRange     '0.3.10',
433 silly addNameRange     '0.3.11',
433 silly addNameRange     '0.3.12',
433 silly addNameRange     '0.3.13',
433 silly addNameRange     '0.3.14',
433 silly addNameRange     '0.3.15',
433 silly addNameRange     '0.3.16',
433 silly addNameRange     '0.3.17',
433 silly addNameRange     '0.4.0',
433 silly addNameRange     '0.4.1',
433 silly addNameRange     '0.4.2',
433 silly addNameRange     '0.4.3',
433 silly addNameRange     '0.4.4',
433 silly addNameRange     '0.4.5',
433 silly addNameRange     '0.3.13-a',
433 silly addNameRange     '0.4.0-a',
433 silly addNameRange     '0.4.0-rc1',
433 silly addNameRange     '0.4.0-rc2',
433 silly addNameRange     '0.4.0-rc3',
433 silly addNameRange     '0.4.0-rc4',
433 silly addNameRange     '0.4.0-rc5',
433 silly addNameRange     '0.4.0-rc6',
433 silly addNameRange     '0.4.0-rc7',
433 silly addNameRange     '0.4.0-rc8' ] ]
434 verbose addNamed [ 'grunt', '0.4.5' ]
435 verbose addNamed [ '0.4.5', '0.4.5' ]
436 silly lockFile 81abf7ad-grunt-0-4-5 grunt@0.4.5
437 verbose lock grunt@0.4.5 /Users/sjoerd/.npm/81abf7ad-grunt-0-4-5.lock
438 silly addNameRange number 2 { name: 'node-sass',
438 silly addNameRange   range: '>=0.9.3-0 <0.10.0-0',
438 silly addNameRange   hasData: true }
439 silly addNameRange versions [ 'node-sass',
439 silly addNameRange   [ '0.2.0',
439 silly addNameRange     '0.2.1',
439 silly addNameRange     '0.2.2',
439 silly addNameRange     '0.2.3',
439 silly addNameRange     '0.2.4',
439 silly addNameRange     '0.2.5',
439 silly addNameRange     '0.2.6',
439 silly addNameRange     '0.3.0',
439 silly addNameRange     '0.4.0',
439 silly addNameRange     '0.4.1',
439 silly addNameRange     '0.4.2',
439 silly addNameRange     '0.4.3',
439 silly addNameRange     '0.4.4',
439 silly addNameRange     '0.5.0',
439 silly addNameRange     '0.5.1',
439 silly addNameRange     '0.5.2',
439 silly addNameRange     '0.5.3',
439 silly addNameRange     '0.5.4',
439 silly addNameRange     '0.6.0',
439 silly addNameRange     '0.6.1',
439 silly addNameRange     '0.6.2',
439 silly addNameRange     '0.6.3',
439 silly addNameRange     '0.6.4',
439 silly addNameRange     '0.6.5',
439 silly addNameRange     '0.6.6',
439 silly addNameRange     '0.6.7',
439 silly addNameRange     '0.7.0-alpha',
439 silly addNameRange     '0.7.0',
439 silly addNameRange     '0.8.0',
439 silly addNameRange     '0.8.1',
439 silly addNameRange     '0.8.2',
439 silly addNameRange     '0.8.3',
439 silly addNameRange     '0.8.4',
439 silly addNameRange     '0.8.5',
439 silly addNameRange     '0.8.6',
439 silly addNameRange     '0.9.0',
439 silly addNameRange     '0.9.1',
439 silly addNameRange     '0.9.2',
439 silly addNameRange     '0.9.3',
439 silly addNameRange     '0.9.4-rc1',
439 silly addNameRange     '0.9.4',
439 silly addNameRange     '0.9.5-rc1',
439 silly addNameRange     '0.9.5',
439 silly addNameRange     '0.9.6',
439 silly addNameRange     '1.0.0',
439 silly addNameRange     '1.0.1',
439 silly addNameRange     '1.0.2-alpha',
439 silly addNameRange     '1.0.2',
439 silly addNameRange     '1.0.3',
439 silly addNameRange     '1.1.0',
439 silly addNameRange     '1.1.1',
439 silly addNameRange     '1.1.2',
439 silly addNameRange     '1.1.3',
439 silly addNameRange     '1.1.4',
439 silly addNameRange     '1.2.0',
439 silly addNameRange     '1.2.1',
439 silly addNameRange     '1.2.2',
439 silly addNameRange     '1.2.3',
439 silly addNameRange     '2.0.0-beta',
439 silly addNameRange     '2.0.0',
439 silly addNameRange     '2.0.1',
439 silly addNameRange     '3.0.0-alpha.0',
439 silly addNameRange     '3.0.0-beta.2',
439 silly addNameRange     '3.0.0-beta.3',
439 silly addNameRange     '3.0.0-beta.4',
439 silly addNameRange     '2.1.0',
439 silly addNameRange     '2.1.1',
439 silly addNameRange     '3.0.0-beta.5',
439 silly addNameRange     '3.0.0-beta.7',
439 silly addNameRange     '3.0.0',
439 silly addNameRange     '3.1.0',
439 silly addNameRange     '3.1.1',
439 silly addNameRange     '3.1.2' ] ]
440 verbose addNamed [ 'node-sass', '0.9.6' ]
441 verbose addNamed [ '0.9.6', '0.9.6' ]
442 silly lockFile 0c9257bf-node-sass-0-9-6 node-sass@0.9.6
443 verbose lock node-sass@0.9.6 /Users/sjoerd/.npm/0c9257bf-node-sass-0-9-6.lock
444 http GET https://registry.npmjs.org/grunt-contrib-uglify/-/grunt-contrib-uglify-0.2.7.tgz
445 verbose addRemoteTarball [ 'https://registry.npmjs.org/mustache/-/mustache-0.7.3.tgz',
445 verbose addRemoteTarball   '248d68d0b1050397848fa634c2446c18f30490e9' ]
446 silly lockFile 5dca6013-ch-grunt-contrib-watch-0-5-3-tgz https://registry.npmjs.org/grunt-contrib-watch/-/grunt-contrib-watch-0.5.3.tgz
447 verbose lock https://registry.npmjs.org/grunt-contrib-watch/-/grunt-contrib-watch-0.5.3.tgz /Users/sjoerd/.npm/5dca6013-ch-grunt-contrib-watch-0-5-3-tgz.lock
448 silly lockFile ba242734-s-org-express-express-2-5-11-tgz https://registry.npmjs.org/express/-/express-2.5.11.tgz
449 verbose lock https://registry.npmjs.org/express/-/express-2.5.11.tgz /Users/sjoerd/.npm/ba242734-s-org-express-express-2-5-11-tgz.lock
450 silly lockFile 1593240a-socket-io-0-9-17 socket.io@0.9.17
451 silly lockFile 1593240a-socket-io-0-9-17 socket.io@0.9.17
452 silly lockFile 526ed901-grunt-contrib-connect-0-8-0 grunt-contrib-connect@0.8.0
453 silly lockFile 526ed901-grunt-contrib-connect-0-8-0 grunt-contrib-connect@0.8.0
454 verbose addRemoteTarball [ 'https://registry.npmjs.org/grunt-contrib-watch/-/grunt-contrib-watch-0.5.3.tgz',
454 verbose addRemoteTarball   '7d9eb5465d506fa14faaca47e6e8790a82c1c9ee' ]
455 silly lockFile 673bedd6-socket-io-0-9-16 socket.io@~0.9.16
456 silly lockFile 673bedd6-socket-io-0-9-16 socket.io@~0.9.16
457 info retry fetch attempt 1 at 11:29:00
458 verbose fetch to= /var/folders/68/kt1rd3wd76bcbchd5z1grsb40000gp/T/npm-1921-mBmJGeUQ/registry.npmjs.org/mustache/-/mustache-0.7.3.tgz
459 verbose addRemoteTarball [ 'https://registry.npmjs.org/express/-/express-2.5.11.tgz',
459 verbose addRemoteTarball   '4ce8ea1f3635e69e49f0ebb497b6a4b0a51ce6f0' ]
460 silly lockFile ebb9bf51-grunt-contrib-connect-0-8-0 grunt-contrib-connect@~0.8.0
461 silly lockFile ebb9bf51-grunt-contrib-connect-0-8-0 grunt-contrib-connect@~0.8.0
462 http GET https://registry.npmjs.org/mustache/-/mustache-0.7.3.tgz
463 info retry fetch attempt 1 at 11:29:00
464 verbose fetch to= /var/folders/68/kt1rd3wd76bcbchd5z1grsb40000gp/T/npm-1921-mBmJGeUQ/registry.npmjs.org/grunt-contrib-watch/-/grunt-contrib-watch-0.5.3.tgz
465 info retry fetch attempt 1 at 11:29:00
466 verbose fetch to= /var/folders/68/kt1rd3wd76bcbchd5z1grsb40000gp/T/npm-1921-mBmJGeUQ/registry.npmjs.org/express/-/express-2.5.11.tgz
467 silly lockFile 81abf7ad-grunt-0-4-5 grunt@0.4.5
468 silly lockFile 81abf7ad-grunt-0-4-5 grunt@0.4.5
469 http GET https://registry.npmjs.org/grunt-contrib-watch/-/grunt-contrib-watch-0.5.3.tgz
470 silly lockFile cba964e3-grunt-0-4-0 grunt@~0.4.0
471 silly lockFile cba964e3-grunt-0-4-0 grunt@~0.4.0
472 silly lockFile 0c9257bf-node-sass-0-9-6 node-sass@0.9.6
473 silly lockFile 0c9257bf-node-sass-0-9-6 node-sass@0.9.6
474 http GET https://registry.npmjs.org/express/-/express-2.5.11.tgz
475 silly lockFile 930c0e3e-node-sass-0-9-3 node-sass@~0.9.3
476 silly lockFile 930c0e3e-node-sass-0-9-3 node-sass@~0.9.3
477 http 200 https://registry.npmjs.org/grunt-contrib-cssmin/-/grunt-contrib-cssmin-0.12.3.tgz
478 http 200 https://registry.npmjs.org/grunt-contrib-qunit/-/grunt-contrib-qunit-0.5.2.tgz
479 http 200 https://registry.npmjs.org/grunt-sass/-/grunt-sass-0.14.2.tgz
480 http 200 https://registry.npmjs.org/grunt-autoprefixer/-/grunt-autoprefixer-1.0.1.tgz
481 http 200 https://registry.npmjs.org/grunt-contrib-jshint/-/grunt-contrib-jshint-0.6.5.tgz
482 silly lockFile e825b648--grunt-contrib-cssmin-0-12-3-tgz https://registry.npmjs.org/grunt-contrib-cssmin/-/grunt-contrib-cssmin-0.12.3.tgz
483 silly lockFile e825b648--grunt-contrib-cssmin-0-12-3-tgz https://registry.npmjs.org/grunt-contrib-cssmin/-/grunt-contrib-cssmin-0.12.3.tgz
484 silly lockFile 0193e74d-grunt-contrib-cssmin-0-12-3 grunt-contrib-cssmin@0.12.3
485 silly lockFile 0193e74d-grunt-contrib-cssmin-0-12-3 grunt-contrib-cssmin@0.12.3
486 silly lockFile 7ea0da0f-it-grunt-contrib-qunit-0-5-2-tgz https://registry.npmjs.org/grunt-contrib-qunit/-/grunt-contrib-qunit-0.5.2.tgz
487 silly lockFile 7ea0da0f-it-grunt-contrib-qunit-0-5-2-tgz https://registry.npmjs.org/grunt-contrib-qunit/-/grunt-contrib-qunit-0.5.2.tgz
488 silly lockFile 722ac562-grunt-contrib-cssmin-0-12-2 grunt-contrib-cssmin@~0.12.2
489 silly lockFile 722ac562-grunt-contrib-cssmin-0-12-2 grunt-contrib-cssmin@~0.12.2
490 http 200 https://registry.npmjs.org/underscore/-/underscore-1.5.2.tgz
491 silly lockFile e8f78576-grunt-contrib-qunit-0-5-2 grunt-contrib-qunit@0.5.2
492 silly lockFile e8f78576-grunt-contrib-qunit-0-5-2 grunt-contrib-qunit@0.5.2
493 silly lockFile 5c057afe-grunt-sass-grunt-sass-0-14-2-tgz https://registry.npmjs.org/grunt-sass/-/grunt-sass-0.14.2.tgz
494 silly lockFile 5c057afe-grunt-sass-grunt-sass-0-14-2-tgz https://registry.npmjs.org/grunt-sass/-/grunt-sass-0.14.2.tgz
495 silly lockFile a537bb75-grunt-contrib-qunit-0-5-2 grunt-contrib-qunit@~0.5.2
496 silly lockFile a537bb75-grunt-contrib-qunit-0-5-2 grunt-contrib-qunit@~0.5.2
497 silly lockFile a4aab1df-grunt-sass-0-14-2 grunt-sass@0.14.2
498 silly lockFile a4aab1df-grunt-sass-0-14-2 grunt-sass@0.14.2
499 http 200 https://registry.npmjs.org/grunt-contrib-uglify/-/grunt-contrib-uglify-0.2.7.tgz
500 silly lockFile 55d22a1c-xer-grunt-autoprefixer-1-0-1-tgz https://registry.npmjs.org/grunt-autoprefixer/-/grunt-autoprefixer-1.0.1.tgz
501 silly lockFile 55d22a1c-xer-grunt-autoprefixer-1-0-1-tgz https://registry.npmjs.org/grunt-autoprefixer/-/grunt-autoprefixer-1.0.1.tgz
502 silly lockFile 26d2282a-grunt-sass-0-14-0 grunt-sass@~0.14.0
503 silly lockFile 26d2282a-grunt-sass-0-14-0 grunt-sass@~0.14.0
504 http 200 https://registry.npmjs.org/mustache/-/mustache-0.7.3.tgz
505 silly lockFile 8c447b4f-grunt-autoprefixer-1-0-1 grunt-autoprefixer@1.0.1
506 silly lockFile 8c447b4f-grunt-autoprefixer-1-0-1 grunt-autoprefixer@1.0.1
507 silly lockFile 5b26fa7b-grunt-autoprefixer-1-0-1 grunt-autoprefixer@~1.0.1
508 silly lockFile 5b26fa7b-grunt-autoprefixer-1-0-1 grunt-autoprefixer@~1.0.1
509 http 200 https://registry.npmjs.org/grunt-contrib-watch/-/grunt-contrib-watch-0.5.3.tgz
510 silly lockFile cafed715-t-grunt-contrib-jshint-0-6-5-tgz https://registry.npmjs.org/grunt-contrib-jshint/-/grunt-contrib-jshint-0.6.5.tgz
511 silly lockFile cafed715-t-grunt-contrib-jshint-0-6-5-tgz https://registry.npmjs.org/grunt-contrib-jshint/-/grunt-contrib-jshint-0.6.5.tgz
512 http 200 https://registry.npmjs.org/express/-/express-2.5.11.tgz
513 silly lockFile d0b3f61f-grunt-contrib-jshint-0-6-5 grunt-contrib-jshint@0.6.5
514 silly lockFile d0b3f61f-grunt-contrib-jshint-0-6-5 grunt-contrib-jshint@0.6.5
515 silly lockFile cd9f4e50-grunt-contrib-jshint-0-6-4 grunt-contrib-jshint@~0.6.4
516 silly lockFile cd9f4e50-grunt-contrib-jshint-0-6-4 grunt-contrib-jshint@~0.6.4
517 silly lockFile ba242734-s-org-express-express-2-5-11-tgz https://registry.npmjs.org/express/-/express-2.5.11.tgz
518 silly lockFile ba242734-s-org-express-express-2-5-11-tgz https://registry.npmjs.org/express/-/express-2.5.11.tgz
519 silly lockFile 6b9ebfa0--underscore-underscore-1-5-2-tgz https://registry.npmjs.org/underscore/-/underscore-1.5.2.tgz
520 silly lockFile 6b9ebfa0--underscore-underscore-1-5-2-tgz https://registry.npmjs.org/underscore/-/underscore-1.5.2.tgz
521 silly lockFile 631042f2-express-2-5-11 express@2.5.11
522 silly lockFile 631042f2-express-2-5-11 express@2.5.11
523 silly lockFile 669f6cbc-underscore-1-5-2 underscore@1.5.2
524 silly lockFile 669f6cbc-underscore-1-5-2 underscore@1.5.2
525 silly lockFile 90f282d3-y-grunt-contrib-uglify-0-2-7-tgz https://registry.npmjs.org/grunt-contrib-uglify/-/grunt-contrib-uglify-0.2.7.tgz
526 silly lockFile 90f282d3-y-grunt-contrib-uglify-0-2-7-tgz https://registry.npmjs.org/grunt-contrib-uglify/-/grunt-contrib-uglify-0.2.7.tgz
527 silly lockFile 0d367583-express-2-5-9 express@~2.5.9
528 silly lockFile 0d367583-express-2-5-9 express@~2.5.9
529 silly lockFile d90b1381-underscore-1-5-1 underscore@~1.5.1
530 silly lockFile d90b1381-underscore-1-5-1 underscore@~1.5.1
531 silly lockFile 480328f6-grunt-contrib-uglify-0-2-7 grunt-contrib-uglify@0.2.7
532 silly lockFile 480328f6-grunt-contrib-uglify-0-2-7 grunt-contrib-uglify@0.2.7
533 silly lockFile dcf05dfd-grunt-contrib-uglify-0-2-4 grunt-contrib-uglify@~0.2.4
534 silly lockFile dcf05dfd-grunt-contrib-uglify-0-2-4 grunt-contrib-uglify@~0.2.4
535 silly lockFile 5dca6013-ch-grunt-contrib-watch-0-5-3-tgz https://registry.npmjs.org/grunt-contrib-watch/-/grunt-contrib-watch-0.5.3.tgz
536 silly lockFile 5dca6013-ch-grunt-contrib-watch-0-5-3-tgz https://registry.npmjs.org/grunt-contrib-watch/-/grunt-contrib-watch-0.5.3.tgz
537 silly lockFile d70d7cec-grunt-contrib-watch-0-5-3 grunt-contrib-watch@0.5.3
538 silly lockFile d70d7cec-grunt-contrib-watch-0-5-3 grunt-contrib-watch@0.5.3
539 silly lockFile b469febc-grunt-contrib-watch-0-5-3 grunt-contrib-watch@~0.5.3
540 silly lockFile b469febc-grunt-contrib-watch-0-5-3 grunt-contrib-watch@~0.5.3
541 silly lockFile 16f89679--org-mustache-mustache-0-7-3-tgz https://registry.npmjs.org/mustache/-/mustache-0.7.3.tgz
542 silly lockFile 16f89679--org-mustache-mustache-0-7-3-tgz https://registry.npmjs.org/mustache/-/mustache-0.7.3.tgz
543 silly lockFile 8c1b5ee0-mustache-0-7-3 mustache@0.7.3
544 silly lockFile 8c1b5ee0-mustache-0-7-3 mustache@0.7.3
545 silly lockFile 171b84f8-mustache-0-7-2 mustache@~0.7.2
546 silly lockFile 171b84f8-mustache-0-7-2 mustache@~0.7.2
547 http 200 https://registry.npmjs.org/grunt-zip
548 silly registry.get cb [ 200,
548 silly registry.get   { server: 'CouchDB/1.5.0 (Erlang OTP/R16B03)',
548 silly registry.get     etag: '"3UIAQEYD2O00H6SNK15ZDXKGU"',
548 silly registry.get     'content-type': 'application/json',
548 silly registry.get     'cache-control': 'max-age=60',
548 silly registry.get     'content-length': '39430',
548 silly registry.get     'accept-ranges': 'bytes',
548 silly registry.get     date: 'Tue, 09 Jun 2015 09:29:00 GMT',
548 silly registry.get     via: '1.1 varnish',
548 silly registry.get     age: '0',
548 silly registry.get     connection: 'keep-alive',
548 silly registry.get     'x-served-by': 'cache-ams4121-AMS',
548 silly registry.get     'x-cache': 'MISS',
548 silly registry.get     'x-cache-hits': '0',
548 silly registry.get     'x-timer': 'S1433842139.967196,VS0,VE672',
548 silly registry.get     vary: 'Accept' } ]
549 silly addNameRange number 2 { name: 'grunt-zip', range: '>=0.7.0-0 <0.8.0-0', hasData: true }
550 silly addNameRange versions [ 'grunt-zip',
550 silly addNameRange   [ '0.1.0',
550 silly addNameRange     '0.2.0',
550 silly addNameRange     '0.3.0',
550 silly addNameRange     '0.4.0',
550 silly addNameRange     '0.4.1',
550 silly addNameRange     '0.4.2',
550 silly addNameRange     '0.5.0',
550 silly addNameRange     '0.5.1',
550 silly addNameRange     '0.6.0',
550 silly addNameRange     '0.7.0',
550 silly addNameRange     '0.8.0',
550 silly addNameRange     '0.9.0',
550 silly addNameRange     '0.9.1',
550 silly addNameRange     '0.9.2',
550 silly addNameRange     '0.10.0',
550 silly addNameRange     '0.11.0',
550 silly addNameRange     '0.12.0',
550 silly addNameRange     '0.10.2',
550 silly addNameRange     '0.13.0',
550 silly addNameRange     '0.14.0',
550 silly addNameRange     '0.15.0',
550 silly addNameRange     '0.16.0',
550 silly addNameRange     '0.16.1',
550 silly addNameRange     '0.16.2' ] ]
551 verbose addNamed [ 'grunt-zip', '0.7.0' ]
552 verbose addNamed [ '0.7.0', '0.7.0' ]
553 silly lockFile 27ba1571-grunt-zip-0-7-0 grunt-zip@0.7.0
554 verbose lock grunt-zip@0.7.0 /Users/sjoerd/.npm/27ba1571-grunt-zip-0-7-0.lock
555 silly lockFile f62f47cb-rg-grunt-zip-grunt-zip-0-7-0-tgz https://registry.npmjs.org/grunt-zip/-/grunt-zip-0.7.0.tgz
556 verbose lock https://registry.npmjs.org/grunt-zip/-/grunt-zip-0.7.0.tgz /Users/sjoerd/.npm/f62f47cb-rg-grunt-zip-grunt-zip-0-7-0-tgz.lock
557 verbose addRemoteTarball [ 'https://registry.npmjs.org/grunt-zip/-/grunt-zip-0.7.0.tgz',
557 verbose addRemoteTarball   'fa6ffda14ab9a08823523150478bc0ef63da99f6' ]
558 info retry fetch attempt 1 at 11:29:00
559 verbose fetch to= /var/folders/68/kt1rd3wd76bcbchd5z1grsb40000gp/T/npm-1921-mBmJGeUQ/registry.npmjs.org/grunt-zip/-/grunt-zip-0.7.0.tgz
560 http GET https://registry.npmjs.org/grunt-zip/-/grunt-zip-0.7.0.tgz
561 http 200 https://registry.npmjs.org/grunt-zip/-/grunt-zip-0.7.0.tgz
562 silly lockFile f62f47cb-rg-grunt-zip-grunt-zip-0-7-0-tgz https://registry.npmjs.org/grunt-zip/-/grunt-zip-0.7.0.tgz
563 silly lockFile f62f47cb-rg-grunt-zip-grunt-zip-0-7-0-tgz https://registry.npmjs.org/grunt-zip/-/grunt-zip-0.7.0.tgz
564 silly lockFile 27ba1571-grunt-zip-0-7-0 grunt-zip@0.7.0
565 silly lockFile 27ba1571-grunt-zip-0-7-0 grunt-zip@0.7.0
566 silly lockFile 36198899-grunt-zip-0-7-0 grunt-zip@~0.7.0
567 silly lockFile 36198899-grunt-zip-0-7-0 grunt-zip@~0.7.0
568 error Error: EACCES, mkdir '/Users/sjoerd/.npm/express/2.5.11'
568 error  { [Error: EACCES, mkdir '/Users/sjoerd/.npm/express/2.5.11']
568 error   errno: 3,
568 error   code: 'EACCES',
568 error   path: '/Users/sjoerd/.npm/express/2.5.11',
568 error   parent: 'reveal.js' }
569 error Please try running this command again as root/Administrator.
570 error System Darwin 14.0.0
571 error command "node" "/usr/local/bin/npm" "install"
572 error cwd /Users/sjoerd/sites/reveal.js
573 error node -v v0.10.33
574 error npm -v 1.4.28
575 error path /Users/sjoerd/.npm/express/2.5.11
576 error code EACCES
577 error errno 3
578 error stack Error: EACCES, mkdir '/Users/sjoerd/.npm/express/2.5.11'
579 verbose exit [ 3, true ]
